{
  "stats": {
    "suites": 1,
    "tests": 2,
    "passes": 2,
    "pending": 0,
    "failures": 0,
    "start": "2025-03-17T20:51:16.272Z",
    "end": "2025-03-17T20:51:21.631Z",
    "duration": 5359,
    "testsRegistered": 2,
    "passPercent": 100,
    "pendingPercent": 0,
    "other": 0,
    "hasOther": false,
    "skipped": 0,
    "hasSkipped": false
  },
  "results": [
    {
      "uuid": "f11c0bb0-9beb-438b-9914-2e347e323fb5",
      "title": "",
      "fullFile": "cypress/e2e/specs/resumoMensal.cy.js",
      "file": "cypress/e2e/specs/resumoMensal.cy.js",
      "beforeHooks": [],
      "afterHooks": [],
      "tests": [],
      "suites": [
        {
          "uuid": "5dc4f198-f26c-40cf-accd-1df733a0d492",
          "title": "Resumo Mensal",
          "fullFile": "",
          "file": "",
          "beforeHooks": [],
          "afterHooks": [],
          "tests": [
            {
              "title": "Deve filtrar as movimentações por mês e ano",
              "fullTitle": "Resumo Mensal Deve filtrar as movimentações por mês e ano",
              "timedOut": null,
              "duration": 2260,
              "state": "passed",
              "speed": "fast",
              "pass": true,
              "fail": false,
              "pending": false,
              "context": null,
              "code": "_ResumoMensalPage.default.visit();\n_ResumoMensalPage.default.filtrarMovimentacoes('Março', '2025');\ncy.get('tbody tr').should('have.length.greaterThan', 0);",
              "err": {},
              "uuid": "89e8ea0f-f6c1-450e-92b0-4bfa578eb209",
              "parentUUID": "5dc4f198-f26c-40cf-accd-1df733a0d492",
              "isHook": false,
              "skipped": false
            },
            {
              "title": "Deve excluir uma movimentação",
              "fullTitle": "Resumo Mensal Deve excluir uma movimentação",
              "timedOut": null,
              "duration": 2324,
              "state": "passed",
              "speed": "fast",
              "pass": true,
              "fail": false,
              "pending": false,
              "context": null,
              "code": "_ResumoMensalPage.default.visit();\n_ResumoMensalPage.default.filtrarMovimentacoes('Março', '2025');\n_ResumoMensalPage.default.excluirMovimentacao();\n_ResumoMensalPage.default.validarMensagemSucesso('Movimentação removida com sucesso!');",
              "err": {},
              "uuid": "3379e119-c225-46ed-aa27-5675cfa45cbc",
              "parentUUID": "5dc4f198-f26c-40cf-accd-1df733a0d492",
              "isHook": false,
              "skipped": false
            }
          ],
          "suites": [],
          "passes": [
            "89e8ea0f-f6c1-450e-92b0-4bfa578eb209",
            "3379e119-c225-46ed-aa27-5675cfa45cbc"
          ],
          "failures": [],
          "pending": [],
          "skipped": [],
          "duration": 4584,
          "root": false,
          "rootEmpty": false,
          "_timeout": 2000
        }
      ],
      "passes": [],
      "failures": [],
      "pending": [],
      "skipped": [],
      "duration": 0,
      "root": true,
      "rootEmpty": true,
      "_timeout": 2000
    }
  ],
  "meta": {
    "mocha": {
      "version": "7.0.1"
    },
    "mochawesome": {
      "options": {
        "quiet": false,
        "reportFilename": "mochawesome",
        "saveHtml": true,
        "saveJson": true,
        "consoleReporter": "spec",
        "useInlineDiffs": false,
        "code": true
      },
      "version": "7.1.3"
    },
    "marge": {
      "options": {
        "reportDir": "cypress/reports",
        "overwrite": false,
        "html": true,
        "json": true,
        "embeddedScreenshots": true,
        "inlineAssets": true
      },
      "version": "6.2.0"
    }
  }
}