{
  "stats": {
    "suites": 1,
    "tests": 4,
    "passes": 4,
    "pending": 0,
    "failures": 0,
    "start": "2025-03-17T20:50:51.210Z",
    "end": "2025-03-17T20:50:57.697Z",
    "duration": 6487,
    "testsRegistered": 4,
    "passPercent": 100,
    "pendingPercent": 0,
    "other": 0,
    "hasOther": false,
    "skipped": 0,
    "hasSkipped": false
  },
  "results": [
    {
      "uuid": "70987f30-97ab-40a5-a835-3d26662eec8f",
      "title": "",
      "fullFile": "cypress/e2e/specs/login.cy.js",
      "file": "cypress/e2e/specs/login.cy.js",
      "beforeHooks": [],
      "afterHooks": [],
      "tests": [],
      "suites": [
        {
          "uuid": "6b9070c9-ef07-40c7-b565-1938b327d09d",
          "title": "Fluxo de Login",
          "fullFile": "",
          "file": "",
          "beforeHooks": [],
          "afterHooks": [],
          "tests": [
            {
              "title": "Deve criar um novo usuário com sucesso",
              "fullTitle": "Fluxo de Login Deve criar um novo usuário com sucesso",
              "timedOut": null,
              "duration": 1866,
              "state": "passed",
              "speed": "fast",
              "pass": true,
              "fail": false,
              "pending": false,
              "context": null,
              "code": "_LoginPage.default.visit();\n_LoginPage.default.criarNovoUsuario(usuarios.nome, novoEmail, usuarios.senha);\n_LoginPage.default.validarMensagemSucesso('Usuário inserido com sucesso');",
              "err": {},
              "uuid": "7bcf140b-f7da-4dfa-8903-1672657c321a",
              "parentUUID": "6b9070c9-ef07-40c7-b565-1938b327d09d",
              "isHook": false,
              "skipped": false
            },
            {
              "title": "Deve validar que o sistema só permite login com usuário cadastrado",
              "fullTitle": "Fluxo de Login Deve validar que o sistema só permite login com usuário cadastrado",
              "timedOut": null,
              "duration": 974,
              "state": "passed",
              "speed": "fast",
              "pass": true,
              "fail": false,
              "pending": false,
              "context": null,
              "code": "_LoginPage.default.visit();\n_LoginPage.default.fazerLogin('nao_cadastrado@exemplo.com', usuarios.senha);\n_LoginPage.default.validarMensagemErro('Problemas com o login do usuário');",
              "err": {},
              "uuid": "68b75357-fd58-4491-9a24-a9f0aba239e1",
              "parentUUID": "6b9070c9-ef07-40c7-b565-1938b327d09d",
              "isHook": false,
              "skipped": false
            },
            {
              "title": "Deve realizar login com sucesso",
              "fullTitle": "Fluxo de Login Deve realizar login com sucesso",
              "timedOut": null,
              "duration": 1317,
              "state": "passed",
              "speed": "fast",
              "pass": true,
              "fail": false,
              "pending": false,
              "context": null,
              "code": "_LoginPage.default.visit();\n_LoginPage.default.fazerLogin(novoEmail, usuarios.senha);\ncy.url().should('eq', 'https://seubarriga.wcaquino.me/logar');\ncy.contains(`Bem vindo, ${usuarios.nome}!`).should('be.visible');",
              "err": {},
              "uuid": "ee14fd8b-4396-4d2e-ac0e-cd997cee4973",
              "parentUUID": "6b9070c9-ef07-40c7-b565-1938b327d09d",
              "isHook": false,
              "skipped": false
            },
            {
              "title": "Deve deslogar do sistema com sucesso",
              "fullTitle": "Fluxo de Login Deve deslogar do sistema com sucesso",
              "timedOut": null,
              "duration": 1485,
              "state": "passed",
              "speed": "fast",
              "pass": true,
              "fail": false,
              "pending": false,
              "context": null,
              "code": "_LoginPage.default.visit();\n_LoginPage.default.fazerLogin(novoEmail, usuarios.senha);\n_LoginPage.default.deslogar();\n_LoginPage.default.validarDeslogado();",
              "err": {},
              "uuid": "01753f0e-e188-4f76-bc9a-a050644e30de",
              "parentUUID": "6b9070c9-ef07-40c7-b565-1938b327d09d",
              "isHook": false,
              "skipped": false
            }
          ],
          "suites": [],
          "passes": [
            "7bcf140b-f7da-4dfa-8903-1672657c321a",
            "68b75357-fd58-4491-9a24-a9f0aba239e1",
            "ee14fd8b-4396-4d2e-ac0e-cd997cee4973",
            "01753f0e-e188-4f76-bc9a-a050644e30de"
          ],
          "failures": [],
          "pending": [],
          "skipped": [],
          "duration": 5642,
          "root": false,
          "rootEmpty": false,
          "_timeout": 2000
        }
      ],
      "passes": [],
      "failures": [],
      "pending": [],
      "skipped": [],
      "duration": 0,
      "root": true,
      "rootEmpty": true,
      "_timeout": 2000
    }
  ],
  "meta": {
    "mocha": {
      "version": "7.0.1"
    },
    "mochawesome": {
      "options": {
        "quiet": false,
        "reportFilename": "mochawesome",
        "saveHtml": true,
        "saveJson": true,
        "consoleReporter": "spec",
        "useInlineDiffs": false,
        "code": true
      },
      "version": "7.1.3"
    },
    "marge": {
      "options": {
        "reportDir": "cypress/reports",
        "overwrite": false,
        "html": true,
        "json": true,
        "embeddedScreenshots": true,
        "inlineAssets": true
      },
      "version": "6.2.0"
    }
  }
}