{
  "stats": {
    "suites": 1,
    "tests": 2,
    "passes": 2,
    "pending": 0,
    "failures": 0,
    "start": "2025-03-17T21:46:32.011Z",
    "end": "2025-03-17T21:46:37.372Z",
    "duration": 5361,
    "testsRegistered": 2,
    "passPercent": 100,
    "pendingPercent": 0,
    "other": 0,
    "hasOther": false,
    "skipped": 0,
    "hasSkipped": false
  },
  "results": [
    {
      "uuid": "bc1ecc9a-6aae-4a49-bd65-9033ac0793d2",
      "title": "",
      "fullFile": "cypress/e2e/specs/resumoMensal.cy.js",
      "file": "cypress/e2e/specs/resumoMensal.cy.js",
      "beforeHooks": [],
      "afterHooks": [],
      "tests": [],
      "suites": [
        {
          "uuid": "57ad6393-cbe4-4574-bc6a-2a9806788f4c",
          "title": "Resumo Mensal",
          "fullFile": "",
          "file": "",
          "beforeHooks": [],
          "afterHooks": [],
          "tests": [
            {
              "title": "Deve filtrar as movimentações por mês e ano",
              "fullTitle": "Resumo Mensal Deve filtrar as movimentações por mês e ano",
              "timedOut": null,
              "duration": 2268,
              "state": "passed",
              "speed": "fast",
              "pass": true,
              "fail": false,
              "pending": false,
              "context": null,
              "code": "_ResumoMensalPage.default.visit();\n_ResumoMensalPage.default.filtrarMovimentacoes('Março', '2025');\ncy.get('tbody tr').should('have.length.greaterThan', 0);",
              "err": {},
              "uuid": "aa6b3b1b-1b08-4c70-bc78-57ff19ca5e22",
              "parentUUID": "57ad6393-cbe4-4574-bc6a-2a9806788f4c",
              "isHook": false,
              "skipped": false
            },
            {
              "title": "Deve excluir uma movimentação",
              "fullTitle": "Resumo Mensal Deve excluir uma movimentação",
              "timedOut": null,
              "duration": 2321,
              "state": "passed",
              "speed": "fast",
              "pass": true,
              "fail": false,
              "pending": false,
              "context": null,
              "code": "_ResumoMensalPage.default.visit();\n_ResumoMensalPage.default.filtrarMovimentacoes('Março', '2025');\n_ResumoMensalPage.default.excluirMovimentacao();\n_ResumoMensalPage.default.validarMensagemSucesso('Movimentação removida com sucesso!');",
              "err": {},
              "uuid": "e5765a08-e23c-4b64-b000-ae740d80c590",
              "parentUUID": "57ad6393-cbe4-4574-bc6a-2a9806788f4c",
              "isHook": false,
              "skipped": false
            }
          ],
          "suites": [],
          "passes": [
            "aa6b3b1b-1b08-4c70-bc78-57ff19ca5e22",
            "e5765a08-e23c-4b64-b000-ae740d80c590"
          ],
          "failures": [],
          "pending": [],
          "skipped": [],
          "duration": 4589,
          "root": false,
          "rootEmpty": false,
          "_timeout": 2000
        }
      ],
      "passes": [],
      "failures": [],
      "pending": [],
      "skipped": [],
      "duration": 0,
      "root": true,
      "rootEmpty": true,
      "_timeout": 2000
    }
  ],
  "meta": {
    "mocha": {
      "version": "7.0.1"
    },
    "mochawesome": {
      "options": {
        "quiet": false,
        "reportFilename": "mochawesome",
        "saveHtml": true,
        "saveJson": true,
        "consoleReporter": "spec",
        "useInlineDiffs": false,
        "code": true
      },
      "version": "7.1.3"
    },
    "marge": {
      "options": {
        "reportDir": "cypress/reports",
        "overwrite": false,
        "html": true,
        "json": true,
        "embeddedScreenshots": true,
        "inlineAssets": true
      },
      "version": "6.2.0"
    }
  }
}