{
  "stats": {
    "suites": 1,
    "tests": 5,
    "passes": 5,
    "pending": 0,
    "failures": 0,
    "start": "2025-03-16T12:38:11.007Z",
    "end": "2025-03-16T12:38:26.644Z",
    "duration": 15637,
    "testsRegistered": 5,
    "passPercent": 100,
    "pendingPercent": 0,
    "other": 0,
    "hasOther": false,
    "skipped": 0,
    "hasSkipped": false
  },
  "results": [
    {
      "uuid": "cae60b10-cec1-498a-9826-b3a2424025d3",
      "title": "",
      "fullFile": "cypress/e2e/specs/contas.cy.js",
      "file": "cypress/e2e/specs/contas.cy.js",
      "beforeHooks": [],
      "afterHooks": [],
      "tests": [],
      "suites": [
        {
          "uuid": "38c31291-7ec6-41ce-84e7-71e546b1c261",
          "title": "Fluxo de Gestão de Contas",
          "fullFile": "",
          "file": "",
          "beforeHooks": [],
          "afterHooks": [],
          "tests": [
            {
              "title": "Deve adicionar no mínimo 2 contas",
              "fullTitle": "Fluxo de Gestão de Contas Deve adicionar no mínimo 2 contas",
              "timedOut": null,
              "duration": 3147,
              "state": "passed",
              "speed": "fast",
              "pass": true,
              "fail": false,
              "pending": false,
              "context": null,
              "code": "_ContasPage.default.visit();\n(0, _incrementarNomeDaConta.default)(nomeBase).then(nomeConta1 => {\n  (0, _incrementarNomeDaConta.default)(nomeBase).then(nomeConta2 => {\n    _ContasPage.default.adicionarConta(nomeConta1);\n    _ContasPage.default.validarMensagemSucesso('Conta adicionada com sucesso!');\n    _ContasPage.default.adicionarConta(nomeConta2);\n    _ContasPage.default.validarMensagemSucesso('Conta adicionada com sucesso!');\n  });\n});",
              "err": {},
              "uuid": "a3075f3f-e4b1-4400-9f87-aca7a9d4ee3b",
              "parentUUID": "38c31291-7ec6-41ce-84e7-71e546b1c261",
              "isHook": false,
              "skipped": false
            },
            {
              "title": "Deve listar todas as contas",
              "fullTitle": "Fluxo de Gestão de Contas Deve listar todas as contas",
              "timedOut": null,
              "duration": 1348,
              "state": "passed",
              "speed": "fast",
              "pass": true,
              "fail": false,
              "pending": false,
              "context": null,
              "code": "_ContasPage.default.visit();\n_ContasPage.default.listarContas().should('have.length.at.least', 2);",
              "err": {},
              "uuid": "43c370ca-1228-445d-8c20-0ccb02bb74bc",
              "parentUUID": "38c31291-7ec6-41ce-84e7-71e546b1c261",
              "isHook": false,
              "skipped": false
            },
            {
              "title": "Deve alterar o nome de uma conta",
              "fullTitle": "Fluxo de Gestão de Contas Deve alterar o nome de uma conta",
              "timedOut": null,
              "duration": 2753,
              "state": "passed",
              "speed": "fast",
              "pass": true,
              "fail": false,
              "pending": false,
              "context": null,
              "code": "_ContasPage.default.visit();\n(0, _incrementarNomeDaConta.default)(nomeBase).then(nomeConta => {\n  _ContasPage.default.adicionarConta(nomeConta);\n  _ContasPage.default.validarMensagemSucesso('Conta adicionada com sucesso!');\n  const nomeEditado = _ContasPage.default.alterarNomeConta(nomeConta);\n  cy.contains('table tbody tr', nomeEditado).should('be.visible');\n});",
              "err": {},
              "uuid": "b8fb440f-a178-449c-9026-aaad7694968f",
              "parentUUID": "38c31291-7ec6-41ce-84e7-71e546b1c261",
              "isHook": false,
              "skipped": false
            },
            {
              "title": "Deve tentar adicionar uma conta com o nome já existente",
              "fullTitle": "Fluxo de Gestão de Contas Deve tentar adicionar uma conta com o nome já existente",
              "timedOut": null,
              "duration": 2780,
              "state": "passed",
              "speed": "fast",
              "pass": true,
              "fail": false,
              "pending": false,
              "context": null,
              "code": "_ContasPage.default.visit();\n(0, _incrementarNomeDaConta.default)(nomeBase).then(nomeConta => {\n  _ContasPage.default.adicionarConta(nomeConta);\n  _ContasPage.default.validarMensagemSucesso('Conta adicionada com sucesso!');\n  _ContasPage.default.adicionarConta(nomeConta);\n  _ContasPage.default.validarMensagemErro('Já existe uma conta com esse nome!');\n});",
              "err": {},
              "uuid": "a04241c9-0114-4889-a0b5-281d6b43d3db",
              "parentUUID": "38c31291-7ec6-41ce-84e7-71e546b1c261",
              "isHook": false,
              "skipped": false
            },
            {
              "title": "Deve tentar excluir uma conta vinculada a uma movimentação",
              "fullTitle": "Fluxo de Gestão de Contas Deve tentar excluir uma conta vinculada a uma movimentação",
              "timedOut": null,
              "duration": 4275,
              "state": "passed",
              "speed": "fast",
              "pass": true,
              "fail": false,
              "pending": false,
              "context": null,
              "code": "_ContasPage.default.visit();\n(0, _incrementarNomeDaConta.default)(nomeBase).then(nomeConta => {\n  _ContasPage.default.adicionarConta(nomeConta);\n  _ContasPage.default.validarMensagemSucesso('Conta adicionada com sucesso!');\n  _MovimentacoesPage.default.visit();\n  _MovimentacoesPage.default.criarMovimentacao('Receita', 'Salário', '1000', 'Conta Teste 315', 'Empresa XYZ', '12/03/2025', '12/03/2025', 'Pago');\n  _MovimentacoesPage.default.validarMensagemSucesso('Movimentação adicionada com sucesso!');\n  _ContasPage.default.visit();\n  _ContasPage.default.excluirConta('Conta Teste 315');\n  _ContasPage.default.validarMensagemErro('Conta em uso na movimentações');\n});",
              "err": {},
              "uuid": "eeddfcd1-bd90-4eb1-a59d-a20b8eedd24a",
              "parentUUID": "38c31291-7ec6-41ce-84e7-71e546b1c261",
              "isHook": false,
              "skipped": false
            }
          ],
          "suites": [],
          "passes": [
            "a3075f3f-e4b1-4400-9f87-aca7a9d4ee3b",
            "43c370ca-1228-445d-8c20-0ccb02bb74bc",
            "b8fb440f-a178-449c-9026-aaad7694968f",
            "a04241c9-0114-4889-a0b5-281d6b43d3db",
            "eeddfcd1-bd90-4eb1-a59d-a20b8eedd24a"
          ],
          "failures": [],
          "pending": [],
          "skipped": [],
          "duration": 14303,
          "root": false,
          "rootEmpty": false,
          "_timeout": 2000
        }
      ],
      "passes": [],
      "failures": [],
      "pending": [],
      "skipped": [],
      "duration": 0,
      "root": true,
      "rootEmpty": true,
      "_timeout": 2000
    }
  ],
  "meta": {
    "mocha": {
      "version": "7.0.1"
    },
    "mochawesome": {
      "options": {
        "quiet": false,
        "reportFilename": "mochawesome",
        "saveHtml": true,
        "saveJson": true,
        "consoleReporter": "spec",
        "useInlineDiffs": false,
        "code": true
      },
      "version": "7.1.3"
    },
    "marge": {
      "options": {
        "reportDir": "cypress/reports",
        "overwrite": false,
        "html": true,
        "json": true,
        "embeddedScreenshots": true,
        "inlineAssets": true
      },
      "version": "6.2.0"
    }
  }
}