{
  "stats": {
    "suites": 4,
    "tests": 17,
    "passes": 14,
    "pending": 0,
    "failures": 3,
    "start": "2025-03-16T12:38:42.437Z",
    "end": "2025-03-16T12:39:40.119Z",
    "duration": 57682,
    "testsRegistered": 17,
    "passPercent": 82.35294117647058,
    "pendingPercent": 0,
    "other": 0,
    "hasOther": false,
    "skipped": 0,
    "hasSkipped": false
  },
  "results": [
    {
      "uuid": "c7eb0672-8d8b-4498-9b34-a70a74496a58",
      "title": "",
      "fullFile": "cypress/e2e/specs/main.cy.js",
      "file": "cypress/e2e/specs/main.cy.js",
      "beforeHooks": [],
      "afterHooks": [],
      "tests": [],
      "suites": [
        {
          "uuid": "9e61246a-b425-4389-8024-2dc2ea8dd4af",
          "title": "Fluxo de Gestão de Contas",
          "fullFile": "",
          "file": "",
          "beforeHooks": [],
          "afterHooks": [],
          "tests": [
            {
              "title": "Deve adicionar no mínimo 2 contas",
              "fullTitle": "Fluxo de Gestão de Contas Deve adicionar no mínimo 2 contas",
              "timedOut": null,
              "duration": 6448,
              "state": "failed",
              "speed": null,
              "pass": false,
              "fail": true,
              "pending": false,
              "context": null,
              "code": "_ContasPage.default.visit();\n(0, _incrementarNomeDaConta.default)(nomeBase).then(nomeConta1 => {\n  (0, _incrementarNomeDaConta.default)(nomeBase).then(nomeConta2 => {\n    _ContasPage.default.adicionarConta(nomeConta1);\n    _ContasPage.default.validarMensagemSucesso('Conta adicionada com sucesso!');\n    _ContasPage.default.adicionarConta(nomeConta2);\n    _ContasPage.default.validarMensagemSucesso('Conta adicionada com sucesso!');\n  });\n});",
              "err": {
                "message": "AssertionError: Timed out retrying after 4000ms: Expected to find content: 'Conta adicionada com sucesso!' but never did.",
                "estack": "AssertionError: Timed out retrying after 4000ms: Expected to find content: 'Conta adicionada com sucesso!' but never did.\n    at ContasPage.validarMensagemSucesso (webpack://code/./cypress/e2e/pages/ContasPage.js:42:30)\n    at eval (webpack://code/./cypress/e2e/specs/contas.cy.js:23:27)\n    at tryCatcher (https://seubarriga.wcaquino.me/__cypress/runner/cypress_runner.js:1777:23)\n    at Promise._settlePromiseFromHandler (https://seubarriga.wcaquino.me/__cypress/runner/cypress_runner.js:1489:31)\n    at Promise._settlePromise (https://seubarriga.wcaquino.me/__cypress/runner/cypress_runner.js:1546:18)\n    at Promise._settlePromise0 (https://seubarriga.wcaquino.me/__cypress/runner/cypress_runner.js:1591:10)\n    at Promise._settlePromises (https://seubarriga.wcaquino.me/__cypress/runner/cypress_runner.js:1671:18)\n    at _drainQueueStep (https://seubarriga.wcaquino.me/__cypress/runner/cypress_runner.js:2377:12)\n    at _drainQueue (https://seubarriga.wcaquino.me/__cypress/runner/cypress_runner.js:2370:9)",
                "diff": null
              },
              "uuid": "c7b0637b-88ab-4469-a08b-bfe7b70097b1",
              "parentUUID": "9e61246a-b425-4389-8024-2dc2ea8dd4af",
              "isHook": false,
              "skipped": false
            },
            {
              "title": "Deve listar todas as contas",
              "fullTitle": "Fluxo de Gestão de Contas Deve listar todas as contas",
              "timedOut": null,
              "duration": 1367,
              "state": "passed",
              "speed": "fast",
              "pass": true,
              "fail": false,
              "pending": false,
              "context": null,
              "code": "_ContasPage.default.visit();\n_ContasPage.default.listarContas().should('have.length.at.least', 2);",
              "err": {},
              "uuid": "549373bc-b60f-4688-a214-d14a32f32d35",
              "parentUUID": "9e61246a-b425-4389-8024-2dc2ea8dd4af",
              "isHook": false,
              "skipped": false
            },
            {
              "title": "Deve alterar o nome de uma conta",
              "fullTitle": "Fluxo de Gestão de Contas Deve alterar o nome de uma conta",
              "timedOut": null,
              "duration": 2769,
              "state": "passed",
              "speed": "fast",
              "pass": true,
              "fail": false,
              "pending": false,
              "context": null,
              "code": "_ContasPage.default.visit();\n(0, _incrementarNomeDaConta.default)(nomeBase).then(nomeConta => {\n  _ContasPage.default.adicionarConta(nomeConta);\n  _ContasPage.default.validarMensagemSucesso('Conta adicionada com sucesso!');\n  const nomeEditado = _ContasPage.default.alterarNomeConta(nomeConta);\n  cy.contains('table tbody tr', nomeEditado).should('be.visible');\n});",
              "err": {},
              "uuid": "76b3805e-f093-4f0b-9c88-07bc83b830b1",
              "parentUUID": "9e61246a-b425-4389-8024-2dc2ea8dd4af",
              "isHook": false,
              "skipped": false
            },
            {
              "title": "Deve tentar adicionar uma conta com o nome já existente",
              "fullTitle": "Fluxo de Gestão de Contas Deve tentar adicionar uma conta com o nome já existente",
              "timedOut": null,
              "duration": 6188,
              "state": "failed",
              "speed": null,
              "pass": false,
              "fail": true,
              "pending": false,
              "context": null,
              "code": "_ContasPage.default.visit();\n(0, _incrementarNomeDaConta.default)(nomeBase).then(nomeConta => {\n  _ContasPage.default.adicionarConta(nomeConta);\n  _ContasPage.default.validarMensagemSucesso('Conta adicionada com sucesso!');\n  _ContasPage.default.adicionarConta(nomeConta);\n  _ContasPage.default.validarMensagemErro('Já existe uma conta com esse nome!');\n});",
              "err": {
                "message": "AssertionError: Timed out retrying after 4000ms: Expected to find content: 'Conta adicionada com sucesso!' but never did.",
                "estack": "AssertionError: Timed out retrying after 4000ms: Expected to find content: 'Conta adicionada com sucesso!' but never did.\n    at ContasPage.validarMensagemSucesso (webpack://code/./cypress/e2e/pages/ContasPage.js:42:30)\n    at eval (webpack://code/./cypress/e2e/specs/contas.cy.js:52:23)\n    at tryCatcher (https://seubarriga.wcaquino.me/__cypress/runner/cypress_runner.js:1777:23)\n    at Promise._settlePromiseFromHandler (https://seubarriga.wcaquino.me/__cypress/runner/cypress_runner.js:1489:31)\n    at Promise._settlePromise (https://seubarriga.wcaquino.me/__cypress/runner/cypress_runner.js:1546:18)\n    at Promise._settlePromise0 (https://seubarriga.wcaquino.me/__cypress/runner/cypress_runner.js:1591:10)\n    at Promise._settlePromises (https://seubarriga.wcaquino.me/__cypress/runner/cypress_runner.js:1671:18)\n    at _drainQueueStep (https://seubarriga.wcaquino.me/__cypress/runner/cypress_runner.js:2377:12)\n    at _drainQueue (https://seubarriga.wcaquino.me/__cypress/runner/cypress_runner.js:2370:9)",
                "diff": null
              },
              "uuid": "7a49e438-b67e-45e8-bd1d-2557a7feb14e",
              "parentUUID": "9e61246a-b425-4389-8024-2dc2ea8dd4af",
              "isHook": false,
              "skipped": false
            },
            {
              "title": "Deve tentar excluir uma conta vinculada a uma movimentação",
              "fullTitle": "Fluxo de Gestão de Contas Deve tentar excluir uma conta vinculada a uma movimentação",
              "timedOut": null,
              "duration": 6214,
              "state": "failed",
              "speed": null,
              "pass": false,
              "fail": true,
              "pending": false,
              "context": null,
              "code": "_ContasPage.default.visit();\n(0, _incrementarNomeDaConta.default)(nomeBase).then(nomeConta => {\n  _ContasPage.default.adicionarConta(nomeConta);\n  _ContasPage.default.validarMensagemSucesso('Conta adicionada com sucesso!');\n  _MovimentacoesPage.default.visit();\n  _MovimentacoesPage.default.criarMovimentacao('Receita', 'Salário', '1000', 'Conta Teste 315', 'Empresa XYZ', '12/03/2025', '12/03/2025', 'Pago');\n  _MovimentacoesPage.default.validarMensagemSucesso('Movimentação adicionada com sucesso!');\n  _ContasPage.default.visit();\n  _ContasPage.default.excluirConta('Conta Teste 315');\n  _ContasPage.default.validarMensagemErro('Conta em uso na movimentações');\n});",
              "err": {
                "message": "AssertionError: Timed out retrying after 4000ms: Expected to find content: 'Conta adicionada com sucesso!' but never did.",
                "estack": "AssertionError: Timed out retrying after 4000ms: Expected to find content: 'Conta adicionada com sucesso!' but never did.\n    at ContasPage.validarMensagemSucesso (webpack://code/./cypress/e2e/pages/ContasPage.js:42:30)\n    at eval (webpack://code/./cypress/e2e/specs/contas.cy.js:63:23)\n    at tryCatcher (https://seubarriga.wcaquino.me/__cypress/runner/cypress_runner.js:1777:23)\n    at Promise._settlePromiseFromHandler (https://seubarriga.wcaquino.me/__cypress/runner/cypress_runner.js:1489:31)\n    at Promise._settlePromise (https://seubarriga.wcaquino.me/__cypress/runner/cypress_runner.js:1546:18)\n    at Promise._settlePromise0 (https://seubarriga.wcaquino.me/__cypress/runner/cypress_runner.js:1591:10)\n    at Promise._settlePromises (https://seubarriga.wcaquino.me/__cypress/runner/cypress_runner.js:1671:18)\n    at _drainQueueStep (https://seubarriga.wcaquino.me/__cypress/runner/cypress_runner.js:2377:12)\n    at _drainQueue (https://seubarriga.wcaquino.me/__cypress/runner/cypress_runner.js:2370:9)",
                "diff": null
              },
              "uuid": "9eab2333-e1ac-457f-ba43-e0e220d38cbc",
              "parentUUID": "9e61246a-b425-4389-8024-2dc2ea8dd4af",
              "isHook": false,
              "skipped": false
            }
          ],
          "suites": [],
          "passes": [
            "549373bc-b60f-4688-a214-d14a32f32d35",
            "76b3805e-f093-4f0b-9c88-07bc83b830b1"
          ],
          "failures": [
            "c7b0637b-88ab-4469-a08b-bfe7b70097b1",
            "7a49e438-b67e-45e8-bd1d-2557a7feb14e",
            "9eab2333-e1ac-457f-ba43-e0e220d38cbc"
          ],
          "pending": [],
          "skipped": [],
          "duration": 22986,
          "root": false,
          "rootEmpty": false,
          "_timeout": 2000
        },
        {
          "uuid": "c0ef49ea-fac0-44ba-852d-0c5ae4f142d2",
          "title": "Fluxo de Login",
          "fullFile": "",
          "file": "",
          "beforeHooks": [],
          "afterHooks": [],
          "tests": [
            {
              "title": "Deve criar um novo usuário com sucesso",
              "fullTitle": "Fluxo de Login Deve criar um novo usuário com sucesso",
              "timedOut": null,
              "duration": 1676,
              "state": "passed",
              "speed": "fast",
              "pass": true,
              "fail": false,
              "pending": false,
              "context": null,
              "code": "_LoginPage.default.visit();\n_LoginPage.default.criarNovoUsuario(usuarios.nome, novoEmail, usuarios.senha);\n_LoginPage.default.validarMensagemSucesso('Usuário inserido com sucesso');",
              "err": {},
              "uuid": "f2a32e2e-44ed-4e4d-b3a1-fa2c125abdcb",
              "parentUUID": "c0ef49ea-fac0-44ba-852d-0c5ae4f142d2",
              "isHook": false,
              "skipped": false
            },
            {
              "title": "Deve validar que o sistema só permite login com usuário cadastrado",
              "fullTitle": "Fluxo de Login Deve validar que o sistema só permite login com usuário cadastrado",
              "timedOut": null,
              "duration": 970,
              "state": "passed",
              "speed": "fast",
              "pass": true,
              "fail": false,
              "pending": false,
              "context": null,
              "code": "_LoginPage.default.visit();\n_LoginPage.default.fazerLogin('nao_cadastrado@exemplo.com', usuarios.senha);\n_LoginPage.default.validarMensagemErro('Problemas com o login do usuário');",
              "err": {},
              "uuid": "c9ae038e-3967-4241-971b-18d1768af945",
              "parentUUID": "c0ef49ea-fac0-44ba-852d-0c5ae4f142d2",
              "isHook": false,
              "skipped": false
            },
            {
              "title": "Deve realizar login com sucesso",
              "fullTitle": "Fluxo de Login Deve realizar login com sucesso",
              "timedOut": null,
              "duration": 1238,
              "state": "passed",
              "speed": "fast",
              "pass": true,
              "fail": false,
              "pending": false,
              "context": null,
              "code": "_LoginPage.default.visit();\n_LoginPage.default.fazerLogin(novoEmail, usuarios.senha);\ncy.url().should('eq', 'https://seubarriga.wcaquino.me/logar');\ncy.contains(`Bem vindo, ${usuarios.nome}!`).should('be.visible');",
              "err": {},
              "uuid": "62011aed-2b29-4577-945e-9bd9d5b1e5ee",
              "parentUUID": "c0ef49ea-fac0-44ba-852d-0c5ae4f142d2",
              "isHook": false,
              "skipped": false
            },
            {
              "title": "Deve deslogar do sistema com sucesso",
              "fullTitle": "Fluxo de Login Deve deslogar do sistema com sucesso",
              "timedOut": null,
              "duration": 1439,
              "state": "passed",
              "speed": "fast",
              "pass": true,
              "fail": false,
              "pending": false,
              "context": null,
              "code": "_LoginPage.default.visit();\n_LoginPage.default.fazerLogin(novoEmail, usuarios.senha);\n_LoginPage.default.deslogar();\n_LoginPage.default.validarDeslogado();",
              "err": {},
              "uuid": "85c3c189-c6b4-48d5-98ce-fb7969676b55",
              "parentUUID": "c0ef49ea-fac0-44ba-852d-0c5ae4f142d2",
              "isHook": false,
              "skipped": false
            }
          ],
          "suites": [],
          "passes": [
            "f2a32e2e-44ed-4e4d-b3a1-fa2c125abdcb",
            "c9ae038e-3967-4241-971b-18d1768af945",
            "62011aed-2b29-4577-945e-9bd9d5b1e5ee",
            "85c3c189-c6b4-48d5-98ce-fb7969676b55"
          ],
          "failures": [],
          "pending": [],
          "skipped": [],
          "duration": 5323,
          "root": false,
          "rootEmpty": false,
          "_timeout": 2000
        },
        {
          "uuid": "ee54f4ff-773b-4b76-b8f6-36b75b79220a",
          "title": "Fluxo de Criar Movimentação",
          "fullFile": "",
          "file": "",
          "beforeHooks": [],
          "afterHooks": [],
          "tests": [
            {
              "title": "Deve criar no mínimo 2 movimentações (Receita e Despesa)",
              "fullTitle": "Fluxo de Criar Movimentação Deve criar no mínimo 2 movimentações (Receita e Despesa)",
              "timedOut": null,
              "duration": 5631,
              "state": "passed",
              "speed": "medium",
              "pass": true,
              "fail": false,
              "pending": false,
              "context": null,
              "code": "_ContasPage.default.visit();\n(0, _incrementarNomeDaConta.default)(nomeBase).then(nomeConta1 => {\n  _ContasPage.default.adicionarConta(nomeConta1);\n  _ContasPage.default.validarMensagemSucesso('Conta adicionada com sucesso!');\n});\n_MovimentacoesPage.default.visit();\n_MovimentacoesPage.default.criarMovimentacao('Receita', 'Salário', '1000', 'Conta Teste 315', 'Empresa XYZ', '12/03/2025', '12/03/2025', 'Pago');\n_MovimentacoesPage.default.validarMensagemSucesso('Movimentação adicionada com sucesso!');\n_MovimentacoesPage.default.visit();\n_MovimentacoesPage.default.criarMovimentacao('Despesa', 'Aluguel', '800', 'Conta Teste 315', 'Proprietário', '15/03/2025', '15/03/2025', 'Pendente');\n_MovimentacoesPage.default.validarMensagemSucesso('Movimentação adicionada com sucesso!');",
              "err": {},
              "uuid": "38138f90-3afe-4582-a874-49bff07e0d8a",
              "parentUUID": "ee54f4ff-773b-4b76-b8f6-36b75b79220a",
              "isHook": false,
              "skipped": false
            },
            {
              "title": "Deve criar no mínimo 2 movimentações para cada conta",
              "fullTitle": "Fluxo de Criar Movimentação Deve criar no mínimo 2 movimentações para cada conta",
              "timedOut": null,
              "duration": 4736,
              "state": "passed",
              "speed": "fast",
              "pass": true,
              "fail": false,
              "pending": false,
              "context": null,
              "code": "_MovimentacoesPage.default.visit();\n_MovimentacoesPage.default.criarMovimentacao('Receita', 'Salário', '1000', 'Conta Movimentações 701', 'Empresa XYZ', '15/03/2025', '15/03/2025', 'Pago');\n_MovimentacoesPage.default.validarMensagemSucesso('Movimentação adicionada com sucesso!');\n_MovimentacoesPage.default.visit();\n_MovimentacoesPage.default.criarMovimentacao('Despesa', 'Aluguel', '800', 'Conta Movimentações 705', 'Proprietário', '10/03/2025', '10/03/2025', 'Pendente');\n_MovimentacoesPage.default.validarMensagemSucesso('Movimentação adicionada com sucesso!');",
              "err": {},
              "uuid": "723fb5a3-e3a5-4543-be39-58a1380e979f",
              "parentUUID": "ee54f4ff-773b-4b76-b8f6-36b75b79220a",
              "isHook": false,
              "skipped": false
            },
            {
              "title": "Deve criar no mínimo 2 movimentações para cada situação",
              "fullTitle": "Fluxo de Criar Movimentação Deve criar no mínimo 2 movimentações para cada situação",
              "timedOut": null,
              "duration": 5085,
              "state": "passed",
              "speed": "medium",
              "pass": true,
              "fail": false,
              "pending": false,
              "context": null,
              "code": "_MovimentacoesPage.default.visit();\n_MovimentacoesPage.default.criarMovimentacao('Receita', 'Salário', '1000', 'Conta Teste 315', 'Empresa XYZ', '15/03/2025', '15/03/2025', 'Pago');\n_MovimentacoesPage.default.validarMensagemSucesso('Movimentação adicionada com sucesso!');\n_MovimentacoesPage.default.visit();\n_MovimentacoesPage.default.criarMovimentacao('Despesa', 'Aluguel', '800', 'Conta Teste 335', 'Proprietário', '10/03/2025', '10/03/2025', 'Pendente');\n_MovimentacoesPage.default.validarMensagemSucesso('Movimentação adicionada com sucesso!');",
              "err": {},
              "uuid": "cf21032a-bb59-4028-8786-2779980c2a15",
              "parentUUID": "ee54f4ff-773b-4b76-b8f6-36b75b79220a",
              "isHook": false,
              "skipped": false
            },
            {
              "title": "Deve criar no mínimo 2 movimentações para meses diferentes",
              "fullTitle": "Fluxo de Criar Movimentação Deve criar no mínimo 2 movimentações para meses diferentes",
              "timedOut": null,
              "duration": 4665,
              "state": "passed",
              "speed": "fast",
              "pass": true,
              "fail": false,
              "pending": false,
              "context": null,
              "code": "_MovimentacoesPage.default.visit();\n_MovimentacoesPage.default.criarMovimentacao('Receita', 'Salário', '1000', 'Conta Movimentações 611', 'Empresa XYZ', '15/03/2025', '15/03/2025', 'Pago');\n_MovimentacoesPage.default.validarMensagemSucesso('Movimentação adicionada com sucesso!');\n_MovimentacoesPage.default.visit();\n_MovimentacoesPage.default.criarMovimentacao('Despesa', 'Aluguel', '800', 'Conta Movimentações 601', 'Proprietário', '15/02/2025', '15/02/2025', 'Pendente');\n_MovimentacoesPage.default.validarMensagemSucesso('Movimentação adicionada com sucesso!');",
              "err": {},
              "uuid": "8e2fe213-22ac-44f2-9a4e-6726c2c3a4ed",
              "parentUUID": "ee54f4ff-773b-4b76-b8f6-36b75b79220a",
              "isHook": false,
              "skipped": false
            },
            {
              "title": "Deve validar os campos de data",
              "fullTitle": "Fluxo de Criar Movimentação Deve validar os campos de data",
              "timedOut": null,
              "duration": 2081,
              "state": "passed",
              "speed": "fast",
              "pass": true,
              "fail": false,
              "pending": false,
              "context": null,
              "code": "_MovimentacoesPage.default.visit();\ncy.get('#data_transacao').type('data inválida');\ncy.get('#data_pagamento').type('data inválida');\ncy.get('.btn').contains('Salvar').click();\ncy.contains('Data da Movimentação inválida (DD/MM/YYYY)').should('be.visible');\ncy.contains('Data da Movimentação deve ser menor ou igual à data atual').should('be.visible');\ncy.contains('Data do pagamento inválida (DD/MM/YYYY)').should('be.visible');",
              "err": {},
              "uuid": "5babcd1f-027c-47e6-869f-d3897fe02330",
              "parentUUID": "ee54f4ff-773b-4b76-b8f6-36b75b79220a",
              "isHook": false,
              "skipped": false
            },
            {
              "title": "Deve validar o campo valor",
              "fullTitle": "Fluxo de Criar Movimentação Deve validar o campo valor",
              "timedOut": null,
              "duration": 1805,
              "state": "passed",
              "speed": "fast",
              "pass": true,
              "fail": false,
              "pending": false,
              "context": null,
              "code": "_MovimentacoesPage.default.visit();\ncy.get('#valor').type('valor inválido');\ncy.get('.btn').contains('Salvar').click();\n_MovimentacoesPage.default.validarCampoValorInvalido();",
              "err": {},
              "uuid": "c801e18a-b69d-4ed1-a82f-67b223e24f1d",
              "parentUUID": "ee54f4ff-773b-4b76-b8f6-36b75b79220a",
              "isHook": false,
              "skipped": false
            }
          ],
          "suites": [],
          "passes": [
            "38138f90-3afe-4582-a874-49bff07e0d8a",
            "723fb5a3-e3a5-4543-be39-58a1380e979f",
            "cf21032a-bb59-4028-8786-2779980c2a15",
            "8e2fe213-22ac-44f2-9a4e-6726c2c3a4ed",
            "5babcd1f-027c-47e6-869f-d3897fe02330",
            "c801e18a-b69d-4ed1-a82f-67b223e24f1d"
          ],
          "failures": [],
          "pending": [],
          "skipped": [],
          "duration": 24003,
          "root": false,
          "rootEmpty": false,
          "_timeout": 2000
        },
        {
          "uuid": "8bc1b044-d5da-4cd5-a80e-01734c092a15",
          "title": "Resumo Mensal",
          "fullFile": "",
          "file": "",
          "beforeHooks": [],
          "afterHooks": [],
          "tests": [
            {
              "title": "Deve filtrar as movimentações por mês e ano",
              "fullTitle": "Resumo Mensal Deve filtrar as movimentações por mês e ano",
              "timedOut": null,
              "duration": 2127,
              "state": "passed",
              "speed": "fast",
              "pass": true,
              "fail": false,
              "pending": false,
              "context": null,
              "code": "_ResumoMensalPage.default.visit();\n_ResumoMensalPage.default.filtrarMovimentacoes('Março', '2025');\ncy.get('tbody tr').should('have.length.greaterThan', 0);",
              "err": {},
              "uuid": "26bc521b-6877-4304-af61-64ea227b7e4b",
              "parentUUID": "8bc1b044-d5da-4cd5-a80e-01734c092a15",
              "isHook": false,
              "skipped": false
            },
            {
              "title": "Deve excluir uma movimentação",
              "fullTitle": "Resumo Mensal Deve excluir uma movimentação",
              "timedOut": null,
              "duration": 2246,
              "state": "passed",
              "speed": "fast",
              "pass": true,
              "fail": false,
              "pending": false,
              "context": null,
              "code": "_ResumoMensalPage.default.visit();\n_ResumoMensalPage.default.filtrarMovimentacoes('Março', '2025');\n_ResumoMensalPage.default.excluirMovimentacao();\n_ResumoMensalPage.default.validarMensagemSucesso('Movimentação removida com sucesso!');",
              "err": {},
              "uuid": "6c3bf8e1-243d-4637-88c5-93be901218e3",
              "parentUUID": "8bc1b044-d5da-4cd5-a80e-01734c092a15",
              "isHook": false,
              "skipped": false
            }
          ],
          "suites": [],
          "passes": [
            "26bc521b-6877-4304-af61-64ea227b7e4b",
            "6c3bf8e1-243d-4637-88c5-93be901218e3"
          ],
          "failures": [],
          "pending": [],
          "skipped": [],
          "duration": 4373,
          "root": false,
          "rootEmpty": false,
          "_timeout": 2000
        }
      ],
      "passes": [],
      "failures": [],
      "pending": [],
      "skipped": [],
      "duration": 0,
      "root": true,
      "rootEmpty": true,
      "_timeout": 2000
    }
  ],
  "meta": {
    "mocha": {
      "version": "7.0.1"
    },
    "mochawesome": {
      "options": {
        "quiet": false,
        "reportFilename": "mochawesome",
        "saveHtml": true,
        "saveJson": true,
        "consoleReporter": "spec",
        "useInlineDiffs": false,
        "code": true
      },
      "version": "7.1.3"
    },
    "marge": {
      "options": {
        "reportDir": "cypress/reports",
        "overwrite": false,
        "html": true,
        "json": true,
        "embeddedScreenshots": true,
        "inlineAssets": true
      },
      "version": "6.2.0"
    }
  }
}