{
  "stats": {
    "suites": 1,
    "tests": 4,
    "passes": 4,
    "pending": 0,
    "failures": 0,
    "start": "2025-03-17T21:21:26.374Z",
    "end": "2025-03-17T21:21:33.266Z",
    "duration": 6892,
    "testsRegistered": 4,
    "passPercent": 100,
    "pendingPercent": 0,
    "other": 0,
    "hasOther": false,
    "skipped": 0,
    "hasSkipped": false
  },
  "results": [
    {
      "uuid": "69cf2b24-f432-494f-a634-52e010ecd00d",
      "title": "",
      "fullFile": "cypress/e2e/specs/login.cy.js",
      "file": "cypress/e2e/specs/login.cy.js",
      "beforeHooks": [],
      "afterHooks": [],
      "tests": [],
      "suites": [
        {
          "uuid": "70e060cd-75ba-4d8f-8955-04a05e22d444",
          "title": "Fluxo de Login",
          "fullFile": "",
          "file": "",
          "beforeHooks": [],
          "afterHooks": [],
          "tests": [
            {
              "title": "Deve criar um novo usuário com sucesso",
              "fullTitle": "Fluxo de Login Deve criar um novo usuário com sucesso",
              "timedOut": null,
              "duration": 2011,
              "state": "passed",
              "speed": "fast",
              "pass": true,
              "fail": false,
              "pending": false,
              "context": null,
              "code": "_LoginPage.default.visit();\n_LoginPage.default.criarNovoUsuario(usuarios.nome, novoEmail, usuarios.senha);\n_LoginPage.default.validarMensagemSucesso('Usuário inserido com sucesso');",
              "err": {},
              "uuid": "378796a8-3265-44bc-8768-02a02b46226d",
              "parentUUID": "70e060cd-75ba-4d8f-8955-04a05e22d444",
              "isHook": false,
              "skipped": false
            },
            {
              "title": "Deve validar que o sistema só permite login com usuário cadastrado",
              "fullTitle": "Fluxo de Login Deve validar que o sistema só permite login com usuário cadastrado",
              "timedOut": null,
              "duration": 964,
              "state": "passed",
              "speed": "fast",
              "pass": true,
              "fail": false,
              "pending": false,
              "context": null,
              "code": "_LoginPage.default.visit();\n_LoginPage.default.fazerLogin('nao_cadastrado@exemplo.com', usuarios.senha);\n_LoginPage.default.validarMensagemErro('Problemas com o login do usuário');",
              "err": {},
              "uuid": "956a0a43-659b-415e-b4c7-21229a22bc45",
              "parentUUID": "70e060cd-75ba-4d8f-8955-04a05e22d444",
              "isHook": false,
              "skipped": false
            },
            {
              "title": "Deve realizar login com sucesso",
              "fullTitle": "Fluxo de Login Deve realizar login com sucesso",
              "timedOut": null,
              "duration": 1465,
              "state": "passed",
              "speed": "fast",
              "pass": true,
              "fail": false,
              "pending": false,
              "context": null,
              "code": "_LoginPage.default.visit();\n_LoginPage.default.fazerLogin(novoEmail, usuarios.senha);\ncy.url().should('eq', 'https://seubarriga.wcaquino.me/logar');\ncy.contains(`Bem vindo, ${usuarios.nome}!`).should('be.visible');",
              "err": {},
              "uuid": "095a1310-d892-4c04-8f56-cd8dacd0d6c0",
              "parentUUID": "70e060cd-75ba-4d8f-8955-04a05e22d444",
              "isHook": false,
              "skipped": false
            },
            {
              "title": "Deve deslogar do sistema com sucesso",
              "fullTitle": "Fluxo de Login Deve deslogar do sistema com sucesso",
              "timedOut": null,
              "duration": 1655,
              "state": "passed",
              "speed": "fast",
              "pass": true,
              "fail": false,
              "pending": false,
              "context": null,
              "code": "_LoginPage.default.visit();\n_LoginPage.default.fazerLogin(novoEmail, usuarios.senha);\n_LoginPage.default.deslogar();\n_LoginPage.default.validarDeslogado();",
              "err": {},
              "uuid": "e1217c45-3f60-4012-827d-e694afccaef9",
              "parentUUID": "70e060cd-75ba-4d8f-8955-04a05e22d444",
              "isHook": false,
              "skipped": false
            }
          ],
          "suites": [],
          "passes": [
            "378796a8-3265-44bc-8768-02a02b46226d",
            "956a0a43-659b-415e-b4c7-21229a22bc45",
            "095a1310-d892-4c04-8f56-cd8dacd0d6c0",
            "e1217c45-3f60-4012-827d-e694afccaef9"
          ],
          "failures": [],
          "pending": [],
          "skipped": [],
          "duration": 6095,
          "root": false,
          "rootEmpty": false,
          "_timeout": 2000
        }
      ],
      "passes": [],
      "failures": [],
      "pending": [],
      "skipped": [],
      "duration": 0,
      "root": true,
      "rootEmpty": true,
      "_timeout": 2000
    }
  ],
  "meta": {
    "mocha": {
      "version": "7.0.1"
    },
    "mochawesome": {
      "options": {
        "quiet": false,
        "reportFilename": "mochawesome",
        "saveHtml": true,
        "saveJson": true,
        "consoleReporter": "spec",
        "useInlineDiffs": false,
        "code": true
      },
      "version": "7.1.3"
    },
    "marge": {
      "options": {
        "reportDir": "cypress/reports",
        "overwrite": false,
        "html": true,
        "json": true,
        "embeddedScreenshots": true,
        "inlineAssets": true
      },
      "version": "6.2.0"
    }
  }
}