{
  "stats": {
    "suites": 1,
    "tests": 5,
    "passes": 1,
    "pending": 0,
    "failures": 4,
    "start": "2025-03-17T21:21:13.154Z",
    "end": "2025-03-17T21:21:21.851Z",
    "duration": 8697,
    "testsRegistered": 5,
    "passPercent": 20,
    "pendingPercent": 0,
    "other": 0,
    "hasOther": false,
    "skipped": 0,
    "hasSkipped": false
  },
  "results": [
    {
      "uuid": "e26ce99e-2d55-4c2f-ace5-b9fbb6484d47",
      "title": "",
      "fullFile": "cypress/e2e/specs/contas.cy.js",
      "file": "cypress/e2e/specs/contas.cy.js",
      "beforeHooks": [],
      "afterHooks": [],
      "tests": [],
      "suites": [
        {
          "uuid": "9b90650a-56a8-4bf7-9091-d30f7fb616ca",
          "title": "Fluxo de Gestão de Contas",
          "fullFile": "",
          "file": "",
          "beforeHooks": [],
          "afterHooks": [],
          "tests": [
            {
              "title": "Deve adicionar no mínimo 2 contas",
              "fullTitle": "Fluxo de Gestão de Contas Deve adicionar no mínimo 2 contas",
              "timedOut": null,
              "duration": 1662,
              "state": "failed",
              "speed": null,
              "pass": false,
              "fail": true,
              "pending": false,
              "context": null,
              "code": "_ContasPage.default.visit();\n(0, _incrementarNomeDaConta.default)(nomeBase).then(nomeConta1 => {\n  (0, _incrementarNomeDaConta.default)(nomeBase).then(nomeConta2 => {\n    _ContasPage.default.adicionarConta(nomeConta1);\n    _ContasPage.default.validarMensagemSucesso('Conta adicionada com sucesso!');\n    _ContasPage.default.adicionarConta(nomeConta2);\n    _ContasPage.default.validarMensagemSucesso('Conta adicionada com sucesso!');\n  });\n});",
              "err": {
                "message": "TypeError: (0 , _incrementarNomeDaConta.default) is not a function",
                "estack": "TypeError: (0 , _incrementarNomeDaConta.default) is not a function\n    at Context.eval (webpack://code/./cypress/e2e/specs/contas.cy.js:17:28)\n    at runnable.fn (https://seubarriga.wcaquino.me/__cypress/runner/cypress_runner.js:139129:19)\n    at callFn (https://seubarriga.wcaquino.me/__cypress/runner/cypress_runner.js:157729:21)\n    at Runnable.run (https://seubarriga.wcaquino.me/__cypress/runner/cypress_runner.js:157716:7)\n    at <unknown> (https://seubarriga.wcaquino.me/__cypress/runner/cypress_runner.js:163646:30)\n    at PassThroughHandlerContext.finallyHandler (https://seubarriga.wcaquino.me/__cypress/runner/cypress_runner.js:4042:23)\n    at PassThroughHandlerContext.tryCatcher (https://seubarriga.wcaquino.me/__cypress/runner/cypress_runner.js:1777:23)\n    at Promise._settlePromiseFromHandler (https://seubarriga.wcaquino.me/__cypress/runner/cypress_runner.js:1489:31)\n    at Promise._settlePromise (https://seubarriga.wcaquino.me/__cypress/runner/cypress_runner.js:1546:18)",
                "diff": null
              },
              "uuid": "a4db7f5e-0e81-4227-9303-18763e7780f5",
              "parentUUID": "9b90650a-56a8-4bf7-9091-d30f7fb616ca",
              "isHook": false,
              "skipped": false
            },
            {
              "title": "Deve listar todas as contas",
              "fullTitle": "Fluxo de Gestão de Contas Deve listar todas as contas",
              "timedOut": null,
              "duration": 1569,
              "state": "passed",
              "speed": "fast",
              "pass": true,
              "fail": false,
              "pending": false,
              "context": null,
              "code": "_ContasPage.default.visit();\n_ContasPage.default.listarContas().should('have.length.at.least', 2);",
              "err": {},
              "uuid": "880b7eb4-f4b2-4d53-b858-5832b232b0cd",
              "parentUUID": "9b90650a-56a8-4bf7-9091-d30f7fb616ca",
              "isHook": false,
              "skipped": false
            },
            {
              "title": "Deve alterar o nome de uma conta",
              "fullTitle": "Fluxo de Gestão de Contas Deve alterar o nome de uma conta",
              "timedOut": null,
              "duration": 1366,
              "state": "failed",
              "speed": null,
              "pass": false,
              "fail": true,
              "pending": false,
              "context": null,
              "code": "_ContasPage.default.visit();\n(0, _incrementarNomeDaConta.default)(nomeBase).then(nomeConta => {\n  _ContasPage.default.adicionarConta(nomeConta);\n  _ContasPage.default.validarMensagemSucesso('Conta adicionada com sucesso!');\n  const nomeEditado = _ContasPage.default.alterarNomeConta(nomeConta);\n  cy.contains('table tbody tr', nomeEditado).should('be.visible');\n});",
              "err": {
                "message": "TypeError: (0 , _incrementarNomeDaConta.default) is not a function",
                "estack": "TypeError: (0 , _incrementarNomeDaConta.default) is not a function\n    at Context.eval (webpack://code/./cypress/e2e/specs/contas.cy.js:35:28)\n    at runnable.fn (https://seubarriga.wcaquino.me/__cypress/runner/cypress_runner.js:139129:19)\n    at callFn (https://seubarriga.wcaquino.me/__cypress/runner/cypress_runner.js:157729:21)\n    at Runnable.run (https://seubarriga.wcaquino.me/__cypress/runner/cypress_runner.js:157716:7)\n    at <unknown> (https://seubarriga.wcaquino.me/__cypress/runner/cypress_runner.js:163646:30)\n    at PassThroughHandlerContext.finallyHandler (https://seubarriga.wcaquino.me/__cypress/runner/cypress_runner.js:4042:23)\n    at PassThroughHandlerContext.tryCatcher (https://seubarriga.wcaquino.me/__cypress/runner/cypress_runner.js:1777:23)\n    at Promise._settlePromiseFromHandler (https://seubarriga.wcaquino.me/__cypress/runner/cypress_runner.js:1489:31)\n    at Promise._settlePromise (https://seubarriga.wcaquino.me/__cypress/runner/cypress_runner.js:1546:18)",
                "diff": null
              },
              "uuid": "b2e25ac1-db71-4095-a3df-e4111f0869e3",
              "parentUUID": "9b90650a-56a8-4bf7-9091-d30f7fb616ca",
              "isHook": false,
              "skipped": false
            },
            {
              "title": "Deve tentar adicionar uma conta com o nome já existente",
              "fullTitle": "Fluxo de Gestão de Contas Deve tentar adicionar uma conta com o nome já existente",
              "timedOut": null,
              "duration": 1353,
              "state": "failed",
              "speed": null,
              "pass": false,
              "fail": true,
              "pending": false,
              "context": null,
              "code": "_ContasPage.default.visit();\n(0, _incrementarNomeDaConta.default)(nomeBase).then(nomeConta => {\n  _ContasPage.default.adicionarConta(nomeConta);\n  _ContasPage.default.validarMensagemSucesso('Conta adicionada com sucesso!');\n  _ContasPage.default.adicionarConta(nomeConta);\n  _ContasPage.default.validarMensagemErro('Já existe uma conta com esse nome!');\n});",
              "err": {
                "message": "TypeError: (0 , _incrementarNomeDaConta.default) is not a function",
                "estack": "TypeError: (0 , _incrementarNomeDaConta.default) is not a function\n    at Context.eval (webpack://code/./cypress/e2e/specs/contas.cy.js:47:28)\n    at runnable.fn (https://seubarriga.wcaquino.me/__cypress/runner/cypress_runner.js:139129:19)\n    at callFn (https://seubarriga.wcaquino.me/__cypress/runner/cypress_runner.js:157729:21)\n    at Runnable.run (https://seubarriga.wcaquino.me/__cypress/runner/cypress_runner.js:157716:7)\n    at <unknown> (https://seubarriga.wcaquino.me/__cypress/runner/cypress_runner.js:163646:30)\n    at PassThroughHandlerContext.finallyHandler (https://seubarriga.wcaquino.me/__cypress/runner/cypress_runner.js:4042:23)\n    at PassThroughHandlerContext.tryCatcher (https://seubarriga.wcaquino.me/__cypress/runner/cypress_runner.js:1777:23)\n    at Promise._settlePromiseFromHandler (https://seubarriga.wcaquino.me/__cypress/runner/cypress_runner.js:1489:31)\n    at Promise._settlePromise (https://seubarriga.wcaquino.me/__cypress/runner/cypress_runner.js:1546:18)",
                "diff": null
              },
              "uuid": "79679f22-000b-4498-972f-694c06632f14",
              "parentUUID": "9b90650a-56a8-4bf7-9091-d30f7fb616ca",
              "isHook": false,
              "skipped": false
            },
            {
              "title": "Deve tentar excluir uma conta vinculada a uma movimentação",
              "fullTitle": "Fluxo de Gestão de Contas Deve tentar excluir uma conta vinculada a uma movimentação",
              "timedOut": null,
              "duration": 1379,
              "state": "failed",
              "speed": null,
              "pass": false,
              "fail": true,
              "pending": false,
              "context": null,
              "code": "_ContasPage.default.visit();\n(0, _incrementarNomeDaConta.default)(nomeBase).then(nomeConta => {\n  _ContasPage.default.adicionarConta(nomeConta);\n  _ContasPage.default.validarMensagemSucesso('Conta adicionada com sucesso!');\n  _MovimentacoesPage.default.visit();\n  _MovimentacoesPage.default.criarMovimentacao('Receita', 'Salário', '1000', nomeConta, 'Empresa XYZ', '12/03/2025', '12/03/2025', 'Pago');\n  _MovimentacoesPage.default.validarMensagemSucesso('Movimentação adicionada com sucesso!');\n  _ContasPage.default.visit();\n  _ContasPage.default.excluirConta(nomeConta);\n  _ContasPage.default.validarMensagemErro('Conta em uso na movimentações');\n});",
              "err": {
                "message": "TypeError: (0 , _incrementarNomeDaConta.default) is not a function",
                "estack": "TypeError: (0 , _incrementarNomeDaConta.default) is not a function\n    at Context.eval (webpack://code/./cypress/e2e/specs/contas.cy.js:58:28)\n    at runnable.fn (https://seubarriga.wcaquino.me/__cypress/runner/cypress_runner.js:139129:19)\n    at callFn (https://seubarriga.wcaquino.me/__cypress/runner/cypress_runner.js:157729:21)\n    at Runnable.run (https://seubarriga.wcaquino.me/__cypress/runner/cypress_runner.js:157716:7)\n    at <unknown> (https://seubarriga.wcaquino.me/__cypress/runner/cypress_runner.js:163646:30)\n    at PassThroughHandlerContext.finallyHandler (https://seubarriga.wcaquino.me/__cypress/runner/cypress_runner.js:4042:23)\n    at PassThroughHandlerContext.tryCatcher (https://seubarriga.wcaquino.me/__cypress/runner/cypress_runner.js:1777:23)\n    at Promise._settlePromiseFromHandler (https://seubarriga.wcaquino.me/__cypress/runner/cypress_runner.js:1489:31)\n    at Promise._settlePromise (https://seubarriga.wcaquino.me/__cypress/runner/cypress_runner.js:1546:18)",
                "diff": null
              },
              "uuid": "34bf9fdb-5e21-4652-aabd-af402814b2ef",
              "parentUUID": "9b90650a-56a8-4bf7-9091-d30f7fb616ca",
              "isHook": false,
              "skipped": false
            }
          ],
          "suites": [],
          "passes": [
            "880b7eb4-f4b2-4d53-b858-5832b232b0cd"
          ],
          "failures": [
            "a4db7f5e-0e81-4227-9303-18763e7780f5",
            "b2e25ac1-db71-4095-a3df-e4111f0869e3",
            "79679f22-000b-4498-972f-694c06632f14",
            "34bf9fdb-5e21-4652-aabd-af402814b2ef"
          ],
          "pending": [],
          "skipped": [],
          "duration": 7329,
          "root": false,
          "rootEmpty": false,
          "_timeout": 2000
        }
      ],
      "passes": [],
      "failures": [],
      "pending": [],
      "skipped": [],
      "duration": 0,
      "root": true,
      "rootEmpty": true,
      "_timeout": 2000
    }
  ],
  "meta": {
    "mocha": {
      "version": "7.0.1"
    },
    "mochawesome": {
      "options": {
        "quiet": false,
        "reportFilename": "mochawesome",
        "saveHtml": true,
        "saveJson": true,
        "consoleReporter": "spec",
        "useInlineDiffs": false,
        "code": true
      },
      "version": "7.1.3"
    },
    "marge": {
      "options": {
        "reportDir": "cypress/reports",
        "overwrite": false,
        "html": true,
        "json": true,
        "embeddedScreenshots": true,
        "inlineAssets": true
      },
      "version": "6.2.0"
    }
  }
}