{
  "stats": {
    "suites": 1,
    "tests": 5,
    "passes": 4,
    "pending": 0,
    "failures": 1,
    "start": "2025-03-17T21:45:36.928Z",
    "end": "2025-03-17T21:45:50.674Z",
    "duration": 13746,
    "testsRegistered": 5,
    "passPercent": 80,
    "pendingPercent": 0,
    "other": 0,
    "hasOther": false,
    "skipped": 0,
    "hasSkipped": false
  },
  "results": [
    {
      "uuid": "a7027ccc-a8ab-48fc-b705-dcd437cc8846",
      "title": "",
      "fullFile": "cypress/e2e/specs/contas.cy.js",
      "file": "cypress/e2e/specs/contas.cy.js",
      "beforeHooks": [],
      "afterHooks": [],
      "tests": [],
      "suites": [
        {
          "uuid": "af530c84-3722-40c7-9b6b-211c158a0358",
          "title": "Fluxo de Gestão de Contas",
          "fullFile": "",
          "file": "",
          "beforeHooks": [],
          "afterHooks": [],
          "tests": [
            {
              "title": "Deve adicionar no mínimo 2 contas",
              "fullTitle": "Fluxo de Gestão de Contas Deve adicionar no mínimo 2 contas",
              "timedOut": null,
              "duration": 3255,
              "state": "passed",
              "speed": "fast",
              "pass": true,
              "fail": false,
              "pending": false,
              "context": null,
              "code": "_ContasPage.default.visit();\n(0, _incrementarNomeDaConta.gerarNomeUnicoConta)(nomeBase).then(nomeConta1 => {\n  (0, _incrementarNomeDaConta.gerarNomeUnicoConta)(nomeBase).then(nomeConta2 => {\n    _ContasPage.default.adicionarConta(nomeConta1);\n    _ContasPage.default.validarMensagemSucesso('Conta adicionada com sucesso!');\n    _ContasPage.default.adicionarConta(nomeConta2);\n    _ContasPage.default.validarMensagemSucesso('Conta adicionada com sucesso!');\n  });\n});",
              "err": {},
              "uuid": "31be1335-96c2-4399-86bd-3ae794da3734",
              "parentUUID": "af530c84-3722-40c7-9b6b-211c158a0358",
              "isHook": false,
              "skipped": false
            },
            {
              "title": "Deve listar todas as contas",
              "fullTitle": "Fluxo de Gestão de Contas Deve listar todas as contas",
              "timedOut": null,
              "duration": 1495,
              "state": "passed",
              "speed": "fast",
              "pass": true,
              "fail": false,
              "pending": false,
              "context": null,
              "code": "_ContasPage.default.visit();\n_ContasPage.default.listarContas().should('have.length.at.least', 2);",
              "err": {},
              "uuid": "607d6430-95b0-410c-bc7e-9df54c9ccb2f",
              "parentUUID": "af530c84-3722-40c7-9b6b-211c158a0358",
              "isHook": false,
              "skipped": false
            },
            {
              "title": "Deve alterar o nome de uma conta",
              "fullTitle": "Fluxo de Gestão de Contas Deve alterar o nome de uma conta",
              "timedOut": null,
              "duration": 2889,
              "state": "passed",
              "speed": "fast",
              "pass": true,
              "fail": false,
              "pending": false,
              "context": null,
              "code": "_ContasPage.default.visit();\n(0, _incrementarNomeDaConta.gerarNomeUnicoConta)(nomeBase).then(nomeConta => {\n  _ContasPage.default.adicionarConta(nomeConta);\n  _ContasPage.default.validarMensagemSucesso('Conta adicionada com sucesso!');\n  const nomeEditado = _ContasPage.default.alterarNomeConta(nomeConta);\n  cy.contains('table tbody tr', nomeEditado).should('be.visible');\n});",
              "err": {},
              "uuid": "9494e291-68e9-4905-8262-45b28c6eb6b2",
              "parentUUID": "af530c84-3722-40c7-9b6b-211c158a0358",
              "isHook": false,
              "skipped": false
            },
            {
              "title": "Deve tentar adicionar uma conta com o nome já existente",
              "fullTitle": "Fluxo de Gestão de Contas Deve tentar adicionar uma conta com o nome já existente",
              "timedOut": null,
              "duration": 2945,
              "state": "passed",
              "speed": "fast",
              "pass": true,
              "fail": false,
              "pending": false,
              "context": null,
              "code": "_ContasPage.default.visit();\n(0, _incrementarNomeDaConta.gerarNomeUnicoConta)(nomeBase).then(nomeConta => {\n  _ContasPage.default.adicionarConta(nomeConta);\n  _ContasPage.default.validarMensagemSucesso('Conta adicionada com sucesso!');\n  _ContasPage.default.adicionarConta(nomeConta);\n  _ContasPage.default.validarMensagemErro('Já existe uma conta com esse nome!');\n});",
              "err": {},
              "uuid": "0bcaf2ba-5f40-4dab-a7b8-108cfe586533",
              "parentUUID": "af530c84-3722-40c7-9b6b-211c158a0358",
              "isHook": false,
              "skipped": false
            },
            {
              "title": "Deve tentar excluir uma conta vinculada a uma movimentação",
              "fullTitle": "Fluxo de Gestão de Contas Deve tentar excluir uma conta vinculada a uma movimentação",
              "timedOut": null,
              "duration": 1738,
              "state": "failed",
              "speed": null,
              "pass": false,
              "fail": true,
              "pending": false,
              "context": null,
              "code": "_ContasPage.default.visit();\n(0, _incrementarNomeDaConta.gerarNomeUnicoConta)(nomeBase).then(nomeConta => {\n  _ContasPage.default.adicionarConta(nomeConta);\n  _ContasPage.default.validarMensagemSucesso('Conta adicionada com sucesso!');\n  MovimentacoesPage.visit();\n  MovimentacoesPage.criarMovimentacao('Receita', 'Salário', '1000', nomeConta, 'Empresa XYZ', '12/03/2025', '12/03/2025', 'Pago');\n  MovimentacoesPage.validarMensagemSucesso('Movimentação adicionada com sucesso!');\n  _ContasPage.default.visit();\n  _ContasPage.default.excluirConta(nomeConta);\n  _ContasPage.default.validarMensagemErro('Conta em uso na movimentações');\n});",
              "err": {
                "message": "ReferenceError: MovimentacoesPage is not defined",
                "estack": "ReferenceError: MovimentacoesPage is not defined\n    at Context.eval (webpack://code/./cypress/e2e/specs/contas.cy.js:61:12)\n    at getRet (https://seubarriga.wcaquino.me/__cypress/runner/cypress_runner.js:118349:20)\n    at tryCatcher (https://seubarriga.wcaquino.me/__cypress/runner/cypress_runner.js:1777:23)\n    at Promise.attempt.Promise.try (https://seubarriga.wcaquino.me/__cypress/runner/cypress_runner.js:4285:29)\n    at Context.thenFn (https://seubarriga.wcaquino.me/__cypress/runner/cypress_runner.js:118360:66)\n    at Context.then (https://seubarriga.wcaquino.me/__cypress/runner/cypress_runner.js:118611:21)\n    at wrapped (https://seubarriga.wcaquino.me/__cypress/runner/cypress_runner.js:138862:19)\n    at <unknown> (https://seubarriga.wcaquino.me/__cypress/runner/cypress_runner.js:144789:15)\n    at tryCatcher (https://seubarriga.wcaquino.me/__cypress/runner/cypress_runner.js:1777:23)",
                "diff": null
              },
              "uuid": "a3f014bb-8bd3-4494-8af5-aa634b098a79",
              "parentUUID": "af530c84-3722-40c7-9b6b-211c158a0358",
              "isHook": false,
              "skipped": false
            }
          ],
          "suites": [],
          "passes": [
            "31be1335-96c2-4399-86bd-3ae794da3734",
            "607d6430-95b0-410c-bc7e-9df54c9ccb2f",
            "9494e291-68e9-4905-8262-45b28c6eb6b2",
            "0bcaf2ba-5f40-4dab-a7b8-108cfe586533"
          ],
          "failures": [
            "a3f014bb-8bd3-4494-8af5-aa634b098a79"
          ],
          "pending": [],
          "skipped": [],
          "duration": 12322,
          "root": false,
          "rootEmpty": false,
          "_timeout": 2000
        }
      ],
      "passes": [],
      "failures": [],
      "pending": [],
      "skipped": [],
      "duration": 0,
      "root": true,
      "rootEmpty": true,
      "_timeout": 2000
    }
  ],
  "meta": {
    "mocha": {
      "version": "7.0.1"
    },
    "mochawesome": {
      "options": {
        "quiet": false,
        "reportFilename": "mochawesome",
        "saveHtml": true,
        "saveJson": true,
        "consoleReporter": "spec",
        "useInlineDiffs": false,
        "code": true
      },
      "version": "7.1.3"
    },
    "marge": {
      "options": {
        "reportDir": "cypress/reports",
        "overwrite": false,
        "html": true,
        "json": true,
        "embeddedScreenshots": true,
        "inlineAssets": true
      },
      "version": "6.2.0"
    }
  }
}