{
  "stats": {
    "suites": 1,
    "tests": 6,
    "passes": 6,
    "pending": 0,
    "failures": 0,
    "start": "2025-03-17T21:51:26.514Z",
    "end": "2025-03-17T21:51:52.502Z",
    "duration": 25988,
    "testsRegistered": 6,
    "passPercent": 100,
    "pendingPercent": 0,
    "other": 0,
    "hasOther": false,
    "skipped": 0,
    "hasSkipped": false
  },
  "results": [
    {
      "uuid": "a58ab0c3-aa81-4fb4-86c7-31a8de1bbb28",
      "title": "",
      "fullFile": "cypress/e2e/specs/movimentacoes.cy.js",
      "file": "cypress/e2e/specs/movimentacoes.cy.js",
      "beforeHooks": [],
      "afterHooks": [],
      "tests": [],
      "suites": [
        {
          "uuid": "3a0f5a5e-b733-4ce1-8691-b855c38846c1",
          "title": "Fluxo de Criar Movimentação",
          "fullFile": "",
          "file": "",
          "beforeHooks": [],
          "afterHooks": [],
          "tests": [
            {
              "title": "Deve criar no mínimo 2 movimentações (Receita e Despesa)",
              "fullTitle": "Fluxo de Criar Movimentação Deve criar no mínimo 2 movimentações (Receita e Despesa)",
              "timedOut": null,
              "duration": 5774,
              "state": "passed",
              "speed": "medium",
              "pass": true,
              "fail": false,
              "pending": false,
              "context": null,
              "code": "_ContasPage.default.visit();\n(0, _incrementarNomeDaConta.gerarNomeUnicoConta)(nomeBase).then(nomeConta => {\n  _ContasPage.default.adicionarConta(nomeConta);\n  _ContasPage.default.validarMensagemSucesso('Conta adicionada com sucesso!');\n});\n_MovimentacoesPage.default.visit();\n(0, _incrementarNomeDaConta.gerarNomeUnicoMovimentacao)(nomeBase).then(nomeMovimentacao => {\n  _MovimentacoesPage.default.criarMovimentacao('Receita', 'Salário', '1000', 'Conta Movimentações 701', 'Empresa XYZ', '12/03/2025', '12/03/2025', 'Pago');\n  _MovimentacoesPage.default.validarMensagemSucesso('Movimentação adicionada com sucesso!');\n  _MovimentacoesPage.default.criarMovimentacao('Despesa', 'Aluguel', '800', 'Conta Movimentações 701', 'Proprietário', '15/03/2025', '15/03/2025', 'Pendente');\n  _MovimentacoesPage.default.validarMensagemSucesso('Movimentação adicionada com sucesso!');\n});",
              "err": {},
              "uuid": "2e64bd5f-4f92-4435-9a57-eda30171aaff",
              "parentUUID": "3a0f5a5e-b733-4ce1-8691-b855c38846c1",
              "isHook": false,
              "skipped": false
            },
            {
              "title": "Deve criar no mínimo 2 movimentações para cada conta",
              "fullTitle": "Fluxo de Criar Movimentação Deve criar no mínimo 2 movimentações para cada conta",
              "timedOut": null,
              "duration": 6463,
              "state": "passed",
              "speed": "medium",
              "pass": true,
              "fail": false,
              "pending": false,
              "context": null,
              "code": "_ContasPage.default.visit();\n(0, _incrementarNomeDaConta.gerarNomeUnicoConta)(nomeBase).then(nomeConta1 => {\n  (0, _incrementarNomeDaConta.gerarNomeUnicoConta)(nomeBase).then(nomeConta2 => {\n    _ContasPage.default.adicionarConta(nomeConta1);\n    _ContasPage.default.validarMensagemSucesso('Conta adicionada com sucesso!');\n    _ContasPage.default.adicionarConta(nomeConta2);\n    _ContasPage.default.validarMensagemSucesso('Conta adicionada com sucesso!');\n  });\n});\n_MovimentacoesPage.default.visit();\n(0, _incrementarNomeDaConta.gerarNomeUnicoMovimentacao)(nomeBase).then(nomeMovimentacao1 => {\n  (0, _incrementarNomeDaConta.gerarNomeUnicoMovimentacao)(nomeBase).then(nomeMovimentacao2 => {\n    _MovimentacoesPage.default.criarMovimentacao('Receita', 'Salário', '1000', 'Conta Movimentações 701', 'Empresa XYZ', '15/03/2025', '15/03/2025', 'Pago');\n    _MovimentacoesPage.default.validarMensagemSucesso('Movimentação adicionada com sucesso!');\n    _MovimentacoesPage.default.criarMovimentacao('Despesa', 'Aluguel', '800', 'Conta Movimentações 701', 'Proprietário', '10/03/2025', '10/03/2025', 'Pendente');\n    _MovimentacoesPage.default.validarMensagemSucesso('Movimentação adicionada com sucesso!');\n  });\n});",
              "err": {},
              "uuid": "dba6fa46-cfd5-4585-8bb0-919396923a0d",
              "parentUUID": "3a0f5a5e-b733-4ce1-8691-b855c38846c1",
              "isHook": false,
              "skipped": false
            },
            {
              "title": "Deve criar no mínimo 2 movimentações para cada situação",
              "fullTitle": "Fluxo de Criar Movimentação Deve criar no mínimo 2 movimentações para cada situação",
              "timedOut": null,
              "duration": 4520,
              "state": "passed",
              "speed": "fast",
              "pass": true,
              "fail": false,
              "pending": false,
              "context": null,
              "code": "_MovimentacoesPage.default.visit();\n(0, _incrementarNomeDaConta.gerarNomeUnicoMovimentacao)(nomeBase).then(nomeMovimentacao => {\n  _MovimentacoesPage.default.criarMovimentacao('Receita', 'Salário', '1000', 'Conta Movimentações 701', 'Empresa XYZ', '15/03/2025', '15/03/2025', 'Pago');\n  _MovimentacoesPage.default.validarMensagemSucesso('Movimentação adicionada com sucesso!');\n  _MovimentacoesPage.default.criarMovimentacao('Despesa', 'Aluguel', '800', 'Conta Movimentações 701', 'Proprietário', '10/03/2025', '10/03/2025', 'Pendente');\n  _MovimentacoesPage.default.validarMensagemSucesso('Movimentação adicionada com sucesso!');\n});",
              "err": {},
              "uuid": "0ac104e3-6ad1-43d6-9320-8a4635b2373b",
              "parentUUID": "3a0f5a5e-b733-4ce1-8691-b855c38846c1",
              "isHook": false,
              "skipped": false
            },
            {
              "title": "Deve criar no mínimo 2 movimentações para meses diferentes",
              "fullTitle": "Fluxo de Criar Movimentação Deve criar no mínimo 2 movimentações para meses diferentes",
              "timedOut": null,
              "duration": 4548,
              "state": "passed",
              "speed": "fast",
              "pass": true,
              "fail": false,
              "pending": false,
              "context": null,
              "code": "_MovimentacoesPage.default.visit();\n(0, _incrementarNomeDaConta.gerarNomeUnicoMovimentacao)(nomeBase).then(nomeMovimentacao => {\n  _MovimentacoesPage.default.criarMovimentacao('Receita', 'Salário', '1000', 'Conta Movimentações 701', 'Empresa XYZ', '15/03/2025', '15/03/2025', 'Pago');\n  _MovimentacoesPage.default.validarMensagemSucesso('Movimentação adicionada com sucesso!');\n  _MovimentacoesPage.default.criarMovimentacao('Despesa', 'Aluguel', '800', 'Conta Movimentações 701', 'Proprietário', '15/02/2025', '15/02/2025', 'Pendente');\n  _MovimentacoesPage.default.validarMensagemSucesso('Movimentação adicionada com sucesso!');\n});",
              "err": {},
              "uuid": "63fbe7a3-073f-488a-a5cb-e692daae515d",
              "parentUUID": "3a0f5a5e-b733-4ce1-8691-b855c38846c1",
              "isHook": false,
              "skipped": false
            },
            {
              "title": "Deve validar os campos de data",
              "fullTitle": "Fluxo de Criar Movimentação Deve validar os campos de data",
              "timedOut": null,
              "duration": 2097,
              "state": "passed",
              "speed": "fast",
              "pass": true,
              "fail": false,
              "pending": false,
              "context": null,
              "code": "_MovimentacoesPage.default.visit();\ncy.get('#data_transacao').type('data inválida');\ncy.get('#data_pagamento').type('data inválida');\ncy.get('.btn').contains('Salvar').click();\ncy.contains('Data da Movimentação inválida (DD/MM/YYYY)').should('be.visible');\ncy.contains('Data da Movimentação deve ser menor ou igual à data atual').should('be.visible');\ncy.contains('Data do pagamento inválida (DD/MM/YYYY)').should('be.visible');",
              "err": {},
              "uuid": "e44659b2-4d78-4ec5-a1cc-a51ef7e326ac",
              "parentUUID": "3a0f5a5e-b733-4ce1-8691-b855c38846c1",
              "isHook": false,
              "skipped": false
            },
            {
              "title": "Deve validar o campo valor",
              "fullTitle": "Fluxo de Criar Movimentação Deve validar o campo valor",
              "timedOut": null,
              "duration": 1800,
              "state": "passed",
              "speed": "fast",
              "pass": true,
              "fail": false,
              "pending": false,
              "context": null,
              "code": "_MovimentacoesPage.default.visit();\ncy.get('#valor').type('valor inválido');\ncy.get('.btn').contains('Salvar').click();\n_MovimentacoesPage.default.validarCampoValorInvalido();",
              "err": {},
              "uuid": "80963eae-59e2-4621-9741-3503e37754b6",
              "parentUUID": "3a0f5a5e-b733-4ce1-8691-b855c38846c1",
              "isHook": false,
              "skipped": false
            }
          ],
          "suites": [],
          "passes": [
            "2e64bd5f-4f92-4435-9a57-eda30171aaff",
            "dba6fa46-cfd5-4585-8bb0-919396923a0d",
            "0ac104e3-6ad1-43d6-9320-8a4635b2373b",
            "63fbe7a3-073f-488a-a5cb-e692daae515d",
            "e44659b2-4d78-4ec5-a1cc-a51ef7e326ac",
            "80963eae-59e2-4621-9741-3503e37754b6"
          ],
          "failures": [],
          "pending": [],
          "skipped": [],
          "duration": 25202,
          "root": false,
          "rootEmpty": false,
          "_timeout": 2000
        }
      ],
      "passes": [],
      "failures": [],
      "pending": [],
      "skipped": [],
      "duration": 0,
      "root": true,
      "rootEmpty": true,
      "_timeout": 2000
    }
  ],
  "meta": {
    "mocha": {
      "version": "7.0.1"
    },
    "mochawesome": {
      "options": {
        "quiet": false,
        "reportFilename": "mochawesome",
        "saveHtml": true,
        "saveJson": true,
        "consoleReporter": "spec",
        "useInlineDiffs": false,
        "code": true
      },
      "version": "7.1.3"
    },
    "marge": {
      "options": {
        "reportDir": "cypress/reports",
        "overwrite": false,
        "html": true,
        "json": true,
        "embeddedScreenshots": true,
        "inlineAssets": true
      },
      "version": "6.2.0"
    }
  }
}