{
  "stats": {
    "suites": 1,
    "tests": 4,
    "passes": 4,
    "pending": 0,
    "failures": 0,
    "start": "2025-03-16T12:41:13.386Z",
    "end": "2025-03-16T12:41:19.666Z",
    "duration": 6280,
    "testsRegistered": 4,
    "passPercent": 100,
    "pendingPercent": 0,
    "other": 0,
    "hasOther": false,
    "skipped": 0,
    "hasSkipped": false
  },
  "results": [
    {
      "uuid": "d852002b-da73-44d3-99b8-b9c947ef307a",
      "title": "",
      "fullFile": "cypress/e2e/specs/login.cy.js",
      "file": "cypress/e2e/specs/login.cy.js",
      "beforeHooks": [],
      "afterHooks": [],
      "tests": [],
      "suites": [
        {
          "uuid": "be572e37-4aca-4424-8060-29d6721b67b7",
          "title": "Fluxo de Login",
          "fullFile": "",
          "file": "",
          "beforeHooks": [],
          "afterHooks": [],
          "tests": [
            {
              "title": "Deve criar um novo usuário com sucesso",
              "fullTitle": "Fluxo de Login Deve criar um novo usuário com sucesso",
              "timedOut": null,
              "duration": 1797,
              "state": "passed",
              "speed": "fast",
              "pass": true,
              "fail": false,
              "pending": false,
              "context": null,
              "code": "_LoginPage.default.visit();\n_LoginPage.default.criarNovoUsuario(usuarios.nome, novoEmail, usuarios.senha);\n_LoginPage.default.validarMensagemSucesso('Usuário inserido com sucesso');",
              "err": {},
              "uuid": "81e15902-c446-4a64-a712-d9928ebeddb5",
              "parentUUID": "be572e37-4aca-4424-8060-29d6721b67b7",
              "isHook": false,
              "skipped": false
            },
            {
              "title": "Deve validar que o sistema só permite login com usuário cadastrado",
              "fullTitle": "Fluxo de Login Deve validar que o sistema só permite login com usuário cadastrado",
              "timedOut": null,
              "duration": 962,
              "state": "passed",
              "speed": "fast",
              "pass": true,
              "fail": false,
              "pending": false,
              "context": null,
              "code": "_LoginPage.default.visit();\n_LoginPage.default.fazerLogin('nao_cadastrado@exemplo.com', usuarios.senha);\n_LoginPage.default.validarMensagemErro('Problemas com o login do usuário');",
              "err": {},
              "uuid": "64bf7f6d-2d0b-4d19-8ca6-36a5304d6b8d",
              "parentUUID": "be572e37-4aca-4424-8060-29d6721b67b7",
              "isHook": false,
              "skipped": false
            },
            {
              "title": "Deve realizar login com sucesso",
              "fullTitle": "Fluxo de Login Deve realizar login com sucesso",
              "timedOut": null,
              "duration": 1271,
              "state": "passed",
              "speed": "fast",
              "pass": true,
              "fail": false,
              "pending": false,
              "context": null,
              "code": "_LoginPage.default.visit();\n_LoginPage.default.fazerLogin(novoEmail, usuarios.senha);\ncy.url().should('eq', 'https://seubarriga.wcaquino.me/logar');\ncy.contains(`Bem vindo, ${usuarios.nome}!`).should('be.visible');",
              "err": {},
              "uuid": "0733e3aa-dcdc-4103-845a-22af6aaf901b",
              "parentUUID": "be572e37-4aca-4424-8060-29d6721b67b7",
              "isHook": false,
              "skipped": false
            },
            {
              "title": "Deve deslogar do sistema com sucesso",
              "fullTitle": "Fluxo de Login Deve deslogar do sistema com sucesso",
              "timedOut": null,
              "duration": 1423,
              "state": "passed",
              "speed": "fast",
              "pass": true,
              "fail": false,
              "pending": false,
              "context": null,
              "code": "_LoginPage.default.visit();\n_LoginPage.default.fazerLogin(novoEmail, usuarios.senha);\n_LoginPage.default.deslogar();\n_LoginPage.default.validarDeslogado();",
              "err": {},
              "uuid": "1cd39bac-a06b-4fe6-8673-165e35271b4e",
              "parentUUID": "be572e37-4aca-4424-8060-29d6721b67b7",
              "isHook": false,
              "skipped": false
            }
          ],
          "suites": [],
          "passes": [
            "81e15902-c446-4a64-a712-d9928ebeddb5",
            "64bf7f6d-2d0b-4d19-8ca6-36a5304d6b8d",
            "0733e3aa-dcdc-4103-845a-22af6aaf901b",
            "1cd39bac-a06b-4fe6-8673-165e35271b4e"
          ],
          "failures": [],
          "pending": [],
          "skipped": [],
          "duration": 5453,
          "root": false,
          "rootEmpty": false,
          "_timeout": 2000
        }
      ],
      "passes": [],
      "failures": [],
      "pending": [],
      "skipped": [],
      "duration": 0,
      "root": true,
      "rootEmpty": true,
      "_timeout": 2000
    }
  ],
  "meta": {
    "mocha": {
      "version": "7.0.1"
    },
    "mochawesome": {
      "options": {
        "quiet": false,
        "reportFilename": "mochawesome",
        "saveHtml": true,
        "saveJson": true,
        "consoleReporter": "spec",
        "useInlineDiffs": false,
        "code": true
      },
      "version": "7.1.3"
    },
    "marge": {
      "options": {
        "reportDir": "cypress/reports",
        "overwrite": false,
        "html": true,
        "json": true,
        "embeddedScreenshots": true,
        "inlineAssets": true
      },
      "version": "6.2.0"
    }
  }
}