{
  "stats": {
    "suites": 1,
    "tests": 5,
    "passes": 1,
    "pending": 0,
    "failures": 4,
    "start": "2025-03-17T20:50:36.348Z",
    "end": "2025-03-17T20:50:46.292Z",
    "duration": 9944,
    "testsRegistered": 5,
    "passPercent": 20,
    "pendingPercent": 0,
    "other": 0,
    "hasOther": false,
    "skipped": 0,
    "hasSkipped": false
  },
  "results": [
    {
      "uuid": "45b3554e-b7da-4e72-9295-be30cd890fb9",
      "title": "",
      "fullFile": "cypress/e2e/specs/contas.cy.js",
      "file": "cypress/e2e/specs/contas.cy.js",
      "beforeHooks": [],
      "afterHooks": [],
      "tests": [],
      "suites": [
        {
          "uuid": "2befa9aa-f11e-4059-b748-5bb4dedf027e",
          "title": "Fluxo de Gestão de Contas",
          "fullFile": "",
          "file": "",
          "beforeHooks": [],
          "afterHooks": [],
          "tests": [
            {
              "title": "Deve adicionar no mínimo 2 contas",
              "fullTitle": "Fluxo de Gestão de Contas Deve adicionar no mínimo 2 contas",
              "timedOut": null,
              "duration": 2374,
              "state": "failed",
              "speed": null,
              "pass": false,
              "fail": true,
              "pending": false,
              "context": null,
              "code": "_ContasPage.default.visit();\n(0, _incrementarNomeDaConta.default)(nomeBase).then(nomeConta1 => {\n  (0, _incrementarNomeDaConta.default)(nomeBase).then(nomeConta2 => {\n    _ContasPage.default.adicionarConta(nomeConta1);\n    _ContasPage.default.validarMensagemSucesso('Conta adicionada com sucesso!');\n    _ContasPage.default.adicionarConta(nomeConta2);\n    _ContasPage.default.validarMensagemSucesso('Conta adicionada com sucesso!');\n  });\n});",
              "err": {
                "message": "CypressError: `cy.then()` failed because you are mixing up async and sync code.\n\nIn your callback function you invoked 1 or more cy commands but then returned a synchronous value.\n\nCypress commands are asynchronous and it doesn't make sense to queue cy commands and yet return a synchronous value.\n\nYou likely forgot to properly chain the cy commands using another `cy.then()`.\n\nThe value you synchronously returned was: `Conta Teste 1`",
                "estack": "CypressError: `cy.then()` failed because you are mixing up async and sync code.\n\nIn your callback function you invoked 1 or more cy commands but then returned a synchronous value.\n\nCypress commands are asynchronous and it doesn't make sense to queue cy commands and yet return a synchronous value.\n\nYou likely forgot to properly chain the cy commands using another `cy.then()`.\n\nThe value you synchronously returned was: `Conta Teste 1`\n    at getRet (https://seubarriga.wcaquino.me/__cypress/runner/cypress_runner.js:118351:70)\n    at tryCatcher (https://seubarriga.wcaquino.me/__cypress/runner/cypress_runner.js:1777:23)\n    at Promise.attempt.Promise.try (https://seubarriga.wcaquino.me/__cypress/runner/cypress_runner.js:4285:29)\n    at Context.thenFn (https://seubarriga.wcaquino.me/__cypress/runner/cypress_runner.js:118360:66)\n    at Context.then (https://seubarriga.wcaquino.me/__cypress/runner/cypress_runner.js:118611:21)\n    at wrapped (https://seubarriga.wcaquino.me/__cypress/runner/cypress_runner.js:138862:19)\nFrom Your Spec Code:\n    at gerarNomeUnico (webpack://code/./cypress/e2e/support/incrementarNomeDaConta.js:2:34)\n    at Context.eval (webpack://code/./cypress/e2e/specs/contas.cy.js:16:28)",
                "diff": null
              },
              "uuid": "8e7b0e49-ea7e-47da-8ca6-a372dd73460b",
              "parentUUID": "2befa9aa-f11e-4059-b748-5bb4dedf027e",
              "isHook": false,
              "skipped": false
            },
            {
              "title": "Deve listar todas as contas",
              "fullTitle": "Fluxo de Gestão de Contas Deve listar todas as contas",
              "timedOut": null,
              "duration": 1400,
              "state": "passed",
              "speed": "fast",
              "pass": true,
              "fail": false,
              "pending": false,
              "context": null,
              "code": "_ContasPage.default.visit();\n_ContasPage.default.listarContas().should('have.length.at.least', 2);",
              "err": {},
              "uuid": "ae680f2f-aabb-40e9-bb6e-d42a759726da",
              "parentUUID": "2befa9aa-f11e-4059-b748-5bb4dedf027e",
              "isHook": false,
              "skipped": false
            },
            {
              "title": "Deve alterar o nome de uma conta",
              "fullTitle": "Fluxo de Gestão de Contas Deve alterar o nome de uma conta",
              "timedOut": null,
              "duration": 1540,
              "state": "failed",
              "speed": null,
              "pass": false,
              "fail": true,
              "pending": false,
              "context": null,
              "code": "_ContasPage.default.visit();\n(0, _incrementarNomeDaConta.default)(nomeBase).then(nomeConta => {\n  _ContasPage.default.adicionarConta(nomeConta);\n  _ContasPage.default.validarMensagemSucesso('Conta adicionada com sucesso!');\n  const nomeEditado = _ContasPage.default.alterarNomeConta(nomeConta);\n  cy.contains('table tbody tr', nomeEditado).should('be.visible');\n});",
              "err": {
                "message": "CypressError: `cy.then()` failed because you are mixing up async and sync code.\n\nIn your callback function you invoked 1 or more cy commands but then returned a synchronous value.\n\nCypress commands are asynchronous and it doesn't make sense to queue cy commands and yet return a synchronous value.\n\nYou likely forgot to properly chain the cy commands using another `cy.then()`.\n\nThe value you synchronously returned was: `Conta Teste 1`",
                "estack": "CypressError: `cy.then()` failed because you are mixing up async and sync code.\n\nIn your callback function you invoked 1 or more cy commands but then returned a synchronous value.\n\nCypress commands are asynchronous and it doesn't make sense to queue cy commands and yet return a synchronous value.\n\nYou likely forgot to properly chain the cy commands using another `cy.then()`.\n\nThe value you synchronously returned was: `Conta Teste 1`\n    at getRet (https://seubarriga.wcaquino.me/__cypress/runner/cypress_runner.js:118351:70)\n    at tryCatcher (https://seubarriga.wcaquino.me/__cypress/runner/cypress_runner.js:1777:23)\n    at Promise.attempt.Promise.try (https://seubarriga.wcaquino.me/__cypress/runner/cypress_runner.js:4285:29)\n    at Context.thenFn (https://seubarriga.wcaquino.me/__cypress/runner/cypress_runner.js:118360:66)\n    at Context.then (https://seubarriga.wcaquino.me/__cypress/runner/cypress_runner.js:118611:21)\n    at wrapped (https://seubarriga.wcaquino.me/__cypress/runner/cypress_runner.js:138862:19)\nFrom Your Spec Code:\n    at gerarNomeUnico (webpack://code/./cypress/e2e/support/incrementarNomeDaConta.js:2:34)\n    at Context.eval (webpack://code/./cypress/e2e/specs/contas.cy.js:34:28)",
                "diff": null
              },
              "uuid": "79917dc0-8875-47d0-aab6-555279eb8298",
              "parentUUID": "2befa9aa-f11e-4059-b748-5bb4dedf027e",
              "isHook": false,
              "skipped": false
            },
            {
              "title": "Deve tentar adicionar uma conta com o nome já existente",
              "fullTitle": "Fluxo de Gestão de Contas Deve tentar adicionar uma conta com o nome já existente",
              "timedOut": null,
              "duration": 1503,
              "state": "failed",
              "speed": null,
              "pass": false,
              "fail": true,
              "pending": false,
              "context": null,
              "code": "_ContasPage.default.visit();\n(0, _incrementarNomeDaConta.default)(nomeBase).then(nomeConta => {\n  _ContasPage.default.adicionarConta(nomeConta);\n  _ContasPage.default.validarMensagemSucesso('Conta adicionada com sucesso!');\n  _ContasPage.default.adicionarConta(nomeConta);\n  _ContasPage.default.validarMensagemErro('Já existe uma conta com esse nome!');\n});",
              "err": {
                "message": "CypressError: `cy.then()` failed because you are mixing up async and sync code.\n\nIn your callback function you invoked 1 or more cy commands but then returned a synchronous value.\n\nCypress commands are asynchronous and it doesn't make sense to queue cy commands and yet return a synchronous value.\n\nYou likely forgot to properly chain the cy commands using another `cy.then()`.\n\nThe value you synchronously returned was: `Conta Teste 1`",
                "estack": "CypressError: `cy.then()` failed because you are mixing up async and sync code.\n\nIn your callback function you invoked 1 or more cy commands but then returned a synchronous value.\n\nCypress commands are asynchronous and it doesn't make sense to queue cy commands and yet return a synchronous value.\n\nYou likely forgot to properly chain the cy commands using another `cy.then()`.\n\nThe value you synchronously returned was: `Conta Teste 1`\n    at getRet (https://seubarriga.wcaquino.me/__cypress/runner/cypress_runner.js:118351:70)\n    at tryCatcher (https://seubarriga.wcaquino.me/__cypress/runner/cypress_runner.js:1777:23)\n    at Promise.attempt.Promise.try (https://seubarriga.wcaquino.me/__cypress/runner/cypress_runner.js:4285:29)\n    at Context.thenFn (https://seubarriga.wcaquino.me/__cypress/runner/cypress_runner.js:118360:66)\n    at Context.then (https://seubarriga.wcaquino.me/__cypress/runner/cypress_runner.js:118611:21)\n    at wrapped (https://seubarriga.wcaquino.me/__cypress/runner/cypress_runner.js:138862:19)\nFrom Your Spec Code:\n    at gerarNomeUnico (webpack://code/./cypress/e2e/support/incrementarNomeDaConta.js:2:34)\n    at Context.eval (webpack://code/./cypress/e2e/specs/contas.cy.js:46:28)",
                "diff": null
              },
              "uuid": "d675328e-87c7-4344-9079-87ab82068281",
              "parentUUID": "2befa9aa-f11e-4059-b748-5bb4dedf027e",
              "isHook": false,
              "skipped": false
            },
            {
              "title": "Deve tentar excluir uma conta vinculada a uma movimentação",
              "fullTitle": "Fluxo de Gestão de Contas Deve tentar excluir uma conta vinculada a uma movimentação",
              "timedOut": null,
              "duration": 1506,
              "state": "failed",
              "speed": null,
              "pass": false,
              "fail": true,
              "pending": false,
              "context": null,
              "code": "_ContasPage.default.visit();\n(0, _incrementarNomeDaConta.default)(nomeBase).then(nomeConta => {\n  _ContasPage.default.adicionarConta(nomeConta);\n  _ContasPage.default.validarMensagemSucesso('Conta adicionada com sucesso!');\n  MovimentacoesPage.visit();\n  MovimentacoesPage.criarMovimentacao('Receita', 'Salário', '1000', nomeConta, 'Empresa XYZ', '12/03/2025', '12/03/2025', 'Pago');\n  MovimentacoesPage.validarMensagemSucesso('Movimentação adicionada com sucesso!');\n  _ContasPage.default.visit();\n  _ContasPage.default.excluirConta(nomeConta);\n  _ContasPage.default.validarMensagemErro('Conta em uso na movimentações');\n});",
              "err": {
                "message": "CypressError: `cy.then()` failed because you are mixing up async and sync code.\n\nIn your callback function you invoked 1 or more cy commands but then returned a synchronous value.\n\nCypress commands are asynchronous and it doesn't make sense to queue cy commands and yet return a synchronous value.\n\nYou likely forgot to properly chain the cy commands using another `cy.then()`.\n\nThe value you synchronously returned was: `Conta Teste 1`",
                "estack": "CypressError: `cy.then()` failed because you are mixing up async and sync code.\n\nIn your callback function you invoked 1 or more cy commands but then returned a synchronous value.\n\nCypress commands are asynchronous and it doesn't make sense to queue cy commands and yet return a synchronous value.\n\nYou likely forgot to properly chain the cy commands using another `cy.then()`.\n\nThe value you synchronously returned was: `Conta Teste 1`\n    at getRet (https://seubarriga.wcaquino.me/__cypress/runner/cypress_runner.js:118351:70)\n    at tryCatcher (https://seubarriga.wcaquino.me/__cypress/runner/cypress_runner.js:1777:23)\n    at Promise.attempt.Promise.try (https://seubarriga.wcaquino.me/__cypress/runner/cypress_runner.js:4285:29)\n    at Context.thenFn (https://seubarriga.wcaquino.me/__cypress/runner/cypress_runner.js:118360:66)\n    at Context.then (https://seubarriga.wcaquino.me/__cypress/runner/cypress_runner.js:118611:21)\n    at wrapped (https://seubarriga.wcaquino.me/__cypress/runner/cypress_runner.js:138862:19)\nFrom Your Spec Code:\n    at gerarNomeUnico (webpack://code/./cypress/e2e/support/incrementarNomeDaConta.js:2:34)\n    at Context.eval (webpack://code/./cypress/e2e/specs/contas.cy.js:57:28)",
                "diff": null
              },
              "uuid": "c23a9114-639e-40ea-9241-77db0842e247",
              "parentUUID": "2befa9aa-f11e-4059-b748-5bb4dedf027e",
              "isHook": false,
              "skipped": false
            }
          ],
          "suites": [],
          "passes": [
            "ae680f2f-aabb-40e9-bb6e-d42a759726da"
          ],
          "failures": [
            "8e7b0e49-ea7e-47da-8ca6-a372dd73460b",
            "79917dc0-8875-47d0-aab6-555279eb8298",
            "d675328e-87c7-4344-9079-87ab82068281",
            "c23a9114-639e-40ea-9241-77db0842e247"
          ],
          "pending": [],
          "skipped": [],
          "duration": 8323,
          "root": false,
          "rootEmpty": false,
          "_timeout": 2000
        }
      ],
      "passes": [],
      "failures": [],
      "pending": [],
      "skipped": [],
      "duration": 0,
      "root": true,
      "rootEmpty": true,
      "_timeout": 2000
    }
  ],
  "meta": {
    "mocha": {
      "version": "7.0.1"
    },
    "mochawesome": {
      "options": {
        "quiet": false,
        "reportFilename": "mochawesome",
        "saveHtml": true,
        "saveJson": true,
        "consoleReporter": "spec",
        "useInlineDiffs": false,
        "code": true
      },
      "version": "7.1.3"
    },
    "marge": {
      "options": {
        "reportDir": "cypress/reports",
        "overwrite": false,
        "html": true,
        "json": true,
        "embeddedScreenshots": true,
        "inlineAssets": true
      },
      "version": "6.2.0"
    }
  }
}