{
  "stats": {
    "suites": 1,
    "tests": 5,
    "passes": 1,
    "pending": 0,
    "failures": 4,
    "start": "2025-03-17T21:13:21.404Z",
    "end": "2025-03-17T21:13:30.099Z",
    "duration": 8695,
    "testsRegistered": 5,
    "passPercent": 20,
    "pendingPercent": 0,
    "other": 0,
    "hasOther": false,
    "skipped": 0,
    "hasSkipped": false
  },
  "results": [
    {
      "uuid": "18e5f35b-0fb9-4eb1-bce5-7ed65f3424d2",
      "title": "",
      "fullFile": "cypress/e2e/specs/contas.cy.js",
      "file": "cypress/e2e/specs/contas.cy.js",
      "beforeHooks": [],
      "afterHooks": [],
      "tests": [],
      "suites": [
        {
          "uuid": "3b3b288a-076e-4271-8daa-b7d927cc0156",
          "title": "Fluxo de Gestão de Contas",
          "fullFile": "",
          "file": "",
          "beforeHooks": [],
          "afterHooks": [],
          "tests": [
            {
              "title": "Deve adicionar no mínimo 2 contas",
              "fullTitle": "Fluxo de Gestão de Contas Deve adicionar no mínimo 2 contas",
              "timedOut": null,
              "duration": 1687,
              "state": "failed",
              "speed": null,
              "pass": false,
              "fail": true,
              "pending": false,
              "context": null,
              "code": "_ContasPage.default.visit();\n(0, _incrementarNomeDaConta.default)(nomeBase).then(nomeConta1 => {\n  (0, _incrementarNomeDaConta.default)(nomeBase).then(nomeConta2 => {\n    _ContasPage.default.adicionarConta(nomeConta1);\n    _ContasPage.default.validarMensagemSucesso('Conta adicionada com sucesso!');\n    _ContasPage.default.adicionarConta(nomeConta2);\n    _ContasPage.default.validarMensagemSucesso('Conta adicionada com sucesso!');\n  });\n});",
              "err": {
                "message": "TypeError: (0 , _incrementarNomeDaConta.default) is not a function",
                "estack": "TypeError: (0 , _incrementarNomeDaConta.default) is not a function\n    at Context.eval (webpack://code/./cypress/e2e/specs/contas.cy.js:17:28)\n    at runnable.fn (https://seubarriga.wcaquino.me/__cypress/runner/cypress_runner.js:139129:19)\n    at callFn (https://seubarriga.wcaquino.me/__cypress/runner/cypress_runner.js:157729:21)\n    at Runnable.run (https://seubarriga.wcaquino.me/__cypress/runner/cypress_runner.js:157716:7)\n    at <unknown> (https://seubarriga.wcaquino.me/__cypress/runner/cypress_runner.js:163646:30)\n    at PassThroughHandlerContext.finallyHandler (https://seubarriga.wcaquino.me/__cypress/runner/cypress_runner.js:4042:23)\n    at PassThroughHandlerContext.tryCatcher (https://seubarriga.wcaquino.me/__cypress/runner/cypress_runner.js:1777:23)\n    at Promise._settlePromiseFromHandler (https://seubarriga.wcaquino.me/__cypress/runner/cypress_runner.js:1489:31)\n    at Promise._settlePromise (https://seubarriga.wcaquino.me/__cypress/runner/cypress_runner.js:1546:18)",
                "diff": null
              },
              "uuid": "a62d5438-73bb-423f-9178-4afd9bca440b",
              "parentUUID": "3b3b288a-076e-4271-8daa-b7d927cc0156",
              "isHook": false,
              "skipped": false
            },
            {
              "title": "Deve listar todas as contas",
              "fullTitle": "Fluxo de Gestão de Contas Deve listar todas as contas",
              "timedOut": null,
              "duration": 1548,
              "state": "passed",
              "speed": "fast",
              "pass": true,
              "fail": false,
              "pending": false,
              "context": null,
              "code": "_ContasPage.default.visit();\n_ContasPage.default.listarContas().should('have.length.at.least', 2);",
              "err": {},
              "uuid": "93592909-ab40-491d-a315-ceaacc8476a2",
              "parentUUID": "3b3b288a-076e-4271-8daa-b7d927cc0156",
              "isHook": false,
              "skipped": false
            },
            {
              "title": "Deve alterar o nome de uma conta",
              "fullTitle": "Fluxo de Gestão de Contas Deve alterar o nome de uma conta",
              "timedOut": null,
              "duration": 1414,
              "state": "failed",
              "speed": null,
              "pass": false,
              "fail": true,
              "pending": false,
              "context": null,
              "code": "_ContasPage.default.visit();\n(0, _incrementarNomeDaConta.default)(nomeBase).then(nomeConta => {\n  _ContasPage.default.adicionarConta(nomeConta);\n  _ContasPage.default.validarMensagemSucesso('Conta adicionada com sucesso!');\n  const nomeEditado = _ContasPage.default.alterarNomeConta(nomeConta);\n  cy.contains('table tbody tr', nomeEditado).should('be.visible');\n});",
              "err": {
                "message": "TypeError: (0 , _incrementarNomeDaConta.default) is not a function",
                "estack": "TypeError: (0 , _incrementarNomeDaConta.default) is not a function\n    at Context.eval (webpack://code/./cypress/e2e/specs/contas.cy.js:35:28)\n    at runnable.fn (https://seubarriga.wcaquino.me/__cypress/runner/cypress_runner.js:139129:19)\n    at callFn (https://seubarriga.wcaquino.me/__cypress/runner/cypress_runner.js:157729:21)\n    at Runnable.run (https://seubarriga.wcaquino.me/__cypress/runner/cypress_runner.js:157716:7)\n    at <unknown> (https://seubarriga.wcaquino.me/__cypress/runner/cypress_runner.js:163646:30)\n    at PassThroughHandlerContext.finallyHandler (https://seubarriga.wcaquino.me/__cypress/runner/cypress_runner.js:4042:23)\n    at PassThroughHandlerContext.tryCatcher (https://seubarriga.wcaquino.me/__cypress/runner/cypress_runner.js:1777:23)\n    at Promise._settlePromiseFromHandler (https://seubarriga.wcaquino.me/__cypress/runner/cypress_runner.js:1489:31)\n    at Promise._settlePromise (https://seubarriga.wcaquino.me/__cypress/runner/cypress_runner.js:1546:18)",
                "diff": null
              },
              "uuid": "03414b3d-e0c8-4996-a535-5546b98c6dd2",
              "parentUUID": "3b3b288a-076e-4271-8daa-b7d927cc0156",
              "isHook": false,
              "skipped": false
            },
            {
              "title": "Deve tentar adicionar uma conta com o nome já existente",
              "fullTitle": "Fluxo de Gestão de Contas Deve tentar adicionar uma conta com o nome já existente",
              "timedOut": null,
              "duration": 1315,
              "state": "failed",
              "speed": null,
              "pass": false,
              "fail": true,
              "pending": false,
              "context": null,
              "code": "_ContasPage.default.visit();\n(0, _incrementarNomeDaConta.default)(nomeBase).then(nomeConta => {\n  _ContasPage.default.adicionarConta(nomeConta);\n  _ContasPage.default.validarMensagemSucesso('Conta adicionada com sucesso!');\n  _ContasPage.default.adicionarConta(nomeConta);\n  _ContasPage.default.validarMensagemErro('Já existe uma conta com esse nome!');\n});",
              "err": {
                "message": "TypeError: (0 , _incrementarNomeDaConta.default) is not a function",
                "estack": "TypeError: (0 , _incrementarNomeDaConta.default) is not a function\n    at Context.eval (webpack://code/./cypress/e2e/specs/contas.cy.js:47:28)\n    at runnable.fn (https://seubarriga.wcaquino.me/__cypress/runner/cypress_runner.js:139129:19)\n    at callFn (https://seubarriga.wcaquino.me/__cypress/runner/cypress_runner.js:157729:21)\n    at Runnable.run (https://seubarriga.wcaquino.me/__cypress/runner/cypress_runner.js:157716:7)\n    at <unknown> (https://seubarriga.wcaquino.me/__cypress/runner/cypress_runner.js:163646:30)\n    at PassThroughHandlerContext.finallyHandler (https://seubarriga.wcaquino.me/__cypress/runner/cypress_runner.js:4042:23)\n    at PassThroughHandlerContext.tryCatcher (https://seubarriga.wcaquino.me/__cypress/runner/cypress_runner.js:1777:23)\n    at Promise._settlePromiseFromHandler (https://seubarriga.wcaquino.me/__cypress/runner/cypress_runner.js:1489:31)\n    at Promise._settlePromise (https://seubarriga.wcaquino.me/__cypress/runner/cypress_runner.js:1546:18)",
                "diff": null
              },
              "uuid": "7bf7b2e7-8609-4f87-a964-520aa0a50811",
              "parentUUID": "3b3b288a-076e-4271-8daa-b7d927cc0156",
              "isHook": false,
              "skipped": false
            },
            {
              "title": "Deve tentar excluir uma conta vinculada a uma movimentação",
              "fullTitle": "Fluxo de Gestão de Contas Deve tentar excluir uma conta vinculada a uma movimentação",
              "timedOut": null,
              "duration": 1360,
              "state": "failed",
              "speed": null,
              "pass": false,
              "fail": true,
              "pending": false,
              "context": null,
              "code": "_ContasPage.default.visit();\n(0, _incrementarNomeDaConta.default)(nomeBase).then(nomeConta => {\n  _ContasPage.default.adicionarConta(nomeConta);\n  _ContasPage.default.validarMensagemSucesso('Conta adicionada com sucesso!');\n  _MovimentacoesPage.default.visit();\n  _MovimentacoesPage.default.criarMovimentacao('Receita', 'Salário', '1000', nomeConta, 'Empresa XYZ', '12/03/2025', '12/03/2025', 'Pago');\n  _MovimentacoesPage.default.validarMensagemSucesso('Movimentação adicionada com sucesso!');\n  _ContasPage.default.visit();\n  _ContasPage.default.excluirConta(nomeConta);\n  _ContasPage.default.validarMensagemErro('Conta em uso na movimentações');\n});",
              "err": {
                "message": "TypeError: (0 , _incrementarNomeDaConta.default) is not a function",
                "estack": "TypeError: (0 , _incrementarNomeDaConta.default) is not a function\n    at Context.eval (webpack://code/./cypress/e2e/specs/contas.cy.js:58:28)\n    at runnable.fn (https://seubarriga.wcaquino.me/__cypress/runner/cypress_runner.js:139129:19)\n    at callFn (https://seubarriga.wcaquino.me/__cypress/runner/cypress_runner.js:157729:21)\n    at Runnable.run (https://seubarriga.wcaquino.me/__cypress/runner/cypress_runner.js:157716:7)\n    at <unknown> (https://seubarriga.wcaquino.me/__cypress/runner/cypress_runner.js:163646:30)\n    at PassThroughHandlerContext.finallyHandler (https://seubarriga.wcaquino.me/__cypress/runner/cypress_runner.js:4042:23)\n    at PassThroughHandlerContext.tryCatcher (https://seubarriga.wcaquino.me/__cypress/runner/cypress_runner.js:1777:23)\n    at Promise._settlePromiseFromHandler (https://seubarriga.wcaquino.me/__cypress/runner/cypress_runner.js:1489:31)\n    at Promise._settlePromise (https://seubarriga.wcaquino.me/__cypress/runner/cypress_runner.js:1546:18)",
                "diff": null
              },
              "uuid": "96da0e42-457e-4a80-88eb-104d2dd92d8e",
              "parentUUID": "3b3b288a-076e-4271-8daa-b7d927cc0156",
              "isHook": false,
              "skipped": false
            }
          ],
          "suites": [],
          "passes": [
            "93592909-ab40-491d-a315-ceaacc8476a2"
          ],
          "failures": [
            "a62d5438-73bb-423f-9178-4afd9bca440b",
            "03414b3d-e0c8-4996-a535-5546b98c6dd2",
            "7bf7b2e7-8609-4f87-a964-520aa0a50811",
            "96da0e42-457e-4a80-88eb-104d2dd92d8e"
          ],
          "pending": [],
          "skipped": [],
          "duration": 7324,
          "root": false,
          "rootEmpty": false,
          "_timeout": 2000
        }
      ],
      "passes": [],
      "failures": [],
      "pending": [],
      "skipped": [],
      "duration": 0,
      "root": true,
      "rootEmpty": true,
      "_timeout": 2000
    }
  ],
  "meta": {
    "mocha": {
      "version": "7.0.1"
    },
    "mochawesome": {
      "options": {
        "quiet": false,
        "reportFilename": "mochawesome",
        "saveHtml": true,
        "saveJson": true,
        "consoleReporter": "spec",
        "useInlineDiffs": false,
        "code": true
      },
      "version": "7.1.3"
    },
    "marge": {
      "options": {
        "reportDir": "cypress/reports",
        "overwrite": false,
        "html": true,
        "json": true,
        "embeddedScreenshots": true,
        "inlineAssets": true
      },
      "version": "6.2.0"
    }
  }
}