{
  "stats": {
    "suites": 1,
    "tests": 2,
    "passes": 2,
    "pending": 0,
    "failures": 0,
    "start": "2025-03-17T21:05:18.486Z",
    "end": "2025-03-17T21:05:23.875Z",
    "duration": 5389,
    "testsRegistered": 2,
    "passPercent": 100,
    "pendingPercent": 0,
    "other": 0,
    "hasOther": false,
    "skipped": 0,
    "hasSkipped": false
  },
  "results": [
    {
      "uuid": "6fbafd27-16e5-4810-b07e-7fa1a18b4685",
      "title": "",
      "fullFile": "cypress/e2e/specs/resumoMensal.cy.js",
      "file": "cypress/e2e/specs/resumoMensal.cy.js",
      "beforeHooks": [],
      "afterHooks": [],
      "tests": [],
      "suites": [
        {
          "uuid": "51862c66-e4cc-4278-b8b8-3386955f4bf5",
          "title": "Resumo Mensal",
          "fullFile": "",
          "file": "",
          "beforeHooks": [],
          "afterHooks": [],
          "tests": [
            {
              "title": "Deve filtrar as movimentações por mês e ano",
              "fullTitle": "Resumo Mensal Deve filtrar as movimentações por mês e ano",
              "timedOut": null,
              "duration": 2299,
              "state": "passed",
              "speed": "fast",
              "pass": true,
              "fail": false,
              "pending": false,
              "context": null,
              "code": "_ResumoMensalPage.default.visit();\n_ResumoMensalPage.default.filtrarMovimentacoes('Março', '2025');\ncy.get('tbody tr').should('have.length.greaterThan', 0);",
              "err": {},
              "uuid": "48cd8c34-e489-4f43-b0b1-04b5c1b23559",
              "parentUUID": "51862c66-e4cc-4278-b8b8-3386955f4bf5",
              "isHook": false,
              "skipped": false
            },
            {
              "title": "Deve excluir uma movimentação",
              "fullTitle": "Resumo Mensal Deve excluir uma movimentação",
              "timedOut": null,
              "duration": 2311,
              "state": "passed",
              "speed": "fast",
              "pass": true,
              "fail": false,
              "pending": false,
              "context": null,
              "code": "_ResumoMensalPage.default.visit();\n_ResumoMensalPage.default.filtrarMovimentacoes('Março', '2025');\n_ResumoMensalPage.default.excluirMovimentacao();\n_ResumoMensalPage.default.validarMensagemSucesso('Movimentação removida com sucesso!');",
              "err": {},
              "uuid": "8f8bc5f7-89f3-4029-872e-f162c146acf7",
              "parentUUID": "51862c66-e4cc-4278-b8b8-3386955f4bf5",
              "isHook": false,
              "skipped": false
            }
          ],
          "suites": [],
          "passes": [
            "48cd8c34-e489-4f43-b0b1-04b5c1b23559",
            "8f8bc5f7-89f3-4029-872e-f162c146acf7"
          ],
          "failures": [],
          "pending": [],
          "skipped": [],
          "duration": 4610,
          "root": false,
          "rootEmpty": false,
          "_timeout": 2000
        }
      ],
      "passes": [],
      "failures": [],
      "pending": [],
      "skipped": [],
      "duration": 0,
      "root": true,
      "rootEmpty": true,
      "_timeout": 2000
    }
  ],
  "meta": {
    "mocha": {
      "version": "7.0.1"
    },
    "mochawesome": {
      "options": {
        "quiet": false,
        "reportFilename": "mochawesome",
        "saveHtml": true,
        "saveJson": true,
        "consoleReporter": "spec",
        "useInlineDiffs": false,
        "code": true
      },
      "version": "7.1.3"
    },
    "marge": {
      "options": {
        "reportDir": "cypress/reports",
        "overwrite": false,
        "html": true,
        "json": true,
        "embeddedScreenshots": true,
        "inlineAssets": true
      },
      "version": "6.2.0"
    }
  }
}