{
  "stats": {
    "suites": 1,
    "tests": 4,
    "passes": 4,
    "pending": 0,
    "failures": 0,
    "start": "2025-03-16T12:38:32.270Z",
    "end": "2025-03-16T12:38:38.466Z",
    "duration": 6196,
    "testsRegistered": 4,
    "passPercent": 100,
    "pendingPercent": 0,
    "other": 0,
    "hasOther": false,
    "skipped": 0,
    "hasSkipped": false
  },
  "results": [
    {
      "uuid": "72d4e5c7-f97b-4033-b7dc-5c0586c78c75",
      "title": "",
      "fullFile": "cypress/e2e/specs/login.cy.js",
      "file": "cypress/e2e/specs/login.cy.js",
      "beforeHooks": [],
      "afterHooks": [],
      "tests": [],
      "suites": [
        {
          "uuid": "cca9f4cc-4047-470d-acac-39d6cf307a70",
          "title": "Fluxo de Login",
          "fullFile": "",
          "file": "",
          "beforeHooks": [],
          "afterHooks": [],
          "tests": [
            {
              "title": "Deve criar um novo usuário com sucesso",
              "fullTitle": "Fluxo de Login Deve criar um novo usuário com sucesso",
              "timedOut": null,
              "duration": 1790,
              "state": "passed",
              "speed": "fast",
              "pass": true,
              "fail": false,
              "pending": false,
              "context": null,
              "code": "_LoginPage.default.visit();\n_LoginPage.default.criarNovoUsuario(usuarios.nome, novoEmail, usuarios.senha);\n_LoginPage.default.validarMensagemSucesso('Usuário inserido com sucesso');",
              "err": {},
              "uuid": "a35c608d-a8c8-40a4-9a77-9f1b6b6aae31",
              "parentUUID": "cca9f4cc-4047-470d-acac-39d6cf307a70",
              "isHook": false,
              "skipped": false
            },
            {
              "title": "Deve validar que o sistema só permite login com usuário cadastrado",
              "fullTitle": "Fluxo de Login Deve validar que o sistema só permite login com usuário cadastrado",
              "timedOut": null,
              "duration": 962,
              "state": "passed",
              "speed": "fast",
              "pass": true,
              "fail": false,
              "pending": false,
              "context": null,
              "code": "_LoginPage.default.visit();\n_LoginPage.default.fazerLogin('nao_cadastrado@exemplo.com', usuarios.senha);\n_LoginPage.default.validarMensagemErro('Problemas com o login do usuário');",
              "err": {},
              "uuid": "b674638c-9601-4915-8d41-6330ae519b63",
              "parentUUID": "cca9f4cc-4047-470d-acac-39d6cf307a70",
              "isHook": false,
              "skipped": false
            },
            {
              "title": "Deve realizar login com sucesso",
              "fullTitle": "Fluxo de Login Deve realizar login com sucesso",
              "timedOut": null,
              "duration": 1228,
              "state": "passed",
              "speed": "fast",
              "pass": true,
              "fail": false,
              "pending": false,
              "context": null,
              "code": "_LoginPage.default.visit();\n_LoginPage.default.fazerLogin(novoEmail, usuarios.senha);\ncy.url().should('eq', 'https://seubarriga.wcaquino.me/logar');\ncy.contains(`Bem vindo, ${usuarios.nome}!`).should('be.visible');",
              "err": {},
              "uuid": "90bc73b3-3cf6-4525-aa23-b7266b967f23",
              "parentUUID": "cca9f4cc-4047-470d-acac-39d6cf307a70",
              "isHook": false,
              "skipped": false
            },
            {
              "title": "Deve deslogar do sistema com sucesso",
              "fullTitle": "Fluxo de Login Deve deslogar do sistema com sucesso",
              "timedOut": null,
              "duration": 1388,
              "state": "passed",
              "speed": "fast",
              "pass": true,
              "fail": false,
              "pending": false,
              "context": null,
              "code": "_LoginPage.default.visit();\n_LoginPage.default.fazerLogin(novoEmail, usuarios.senha);\n_LoginPage.default.deslogar();\n_LoginPage.default.validarDeslogado();",
              "err": {},
              "uuid": "4039df90-06f5-4fd6-a68a-dc2dacb33bc2",
              "parentUUID": "cca9f4cc-4047-470d-acac-39d6cf307a70",
              "isHook": false,
              "skipped": false
            }
          ],
          "suites": [],
          "passes": [
            "a35c608d-a8c8-40a4-9a77-9f1b6b6aae31",
            "b674638c-9601-4915-8d41-6330ae519b63",
            "90bc73b3-3cf6-4525-aa23-b7266b967f23",
            "4039df90-06f5-4fd6-a68a-dc2dacb33bc2"
          ],
          "failures": [],
          "pending": [],
          "skipped": [],
          "duration": 5368,
          "root": false,
          "rootEmpty": false,
          "_timeout": 2000
        }
      ],
      "passes": [],
      "failures": [],
      "pending": [],
      "skipped": [],
      "duration": 0,
      "root": true,
      "rootEmpty": true,
      "_timeout": 2000
    }
  ],
  "meta": {
    "mocha": {
      "version": "7.0.1"
    },
    "mochawesome": {
      "options": {
        "quiet": false,
        "reportFilename": "mochawesome",
        "saveHtml": true,
        "saveJson": true,
        "consoleReporter": "spec",
        "useInlineDiffs": false,
        "code": true
      },
      "version": "7.1.3"
    },
    "marge": {
      "options": {
        "reportDir": "cypress/reports",
        "overwrite": false,
        "html": true,
        "json": true,
        "embeddedScreenshots": true,
        "inlineAssets": true
      },
      "version": "6.2.0"
    }
  }
}