{
  "stats": {
    "suites": 1,
    "tests": 6,
    "passes": 2,
    "pending": 0,
    "failures": 4,
    "start": "2025-03-17T21:13:44.633Z",
    "end": "2025-03-17T21:14:03.728Z",
    "duration": 19095,
    "testsRegistered": 6,
    "passPercent": 33.33333333333333,
    "pendingPercent": 0,
    "other": 0,
    "hasOther": false,
    "skipped": 0,
    "hasSkipped": false
  },
  "results": [
    {
      "uuid": "ab231fe9-aa46-4cee-8c46-970c5534e667",
      "title": "",
      "fullFile": "cypress/e2e/specs/movimentacoes.cy.js",
      "file": "cypress/e2e/specs/movimentacoes.cy.js",
      "beforeHooks": [],
      "afterHooks": [],
      "tests": [],
      "suites": [
        {
          "uuid": "16ca198f-83f4-48c6-a89f-f001672251f3",
          "title": "Fluxo de Criar Movimentação",
          "fullFile": "",
          "file": "",
          "beforeHooks": [],
          "afterHooks": [],
          "tests": [
            {
              "title": "Deve criar no mínimo 2 movimentações (Receita e Despesa)",
              "fullTitle": "Fluxo de Criar Movimentação Deve criar no mínimo 2 movimentações (Receita e Despesa)",
              "timedOut": null,
              "duration": 4118,
              "state": "failed",
              "speed": null,
              "pass": false,
              "fail": true,
              "pending": false,
              "context": null,
              "code": "_ContasPage.default.visit();\n(0, _incrementarNomeDaConta.gerarNomeUnicoConta)(nomeBase).then(nomeConta => {\n  _ContasPage.default.adicionarConta(nomeConta);\n  _ContasPage.default.validarMensagemSucesso('Conta adicionada com sucesso!');\n});\n_MovimentacoesPage.default.visit();\n(0, _incrementarNomeDaConta.gerarNomeUnicoMovimentacao)(nomeBase).then(nomeMovimentacao => {\n  _MovimentacoesPage.default.criarMovimentacao('Receita', 'Salário', '1000', nomeMovimentacao, 'Empresa XYZ', '12/03/2025', '12/03/2025', 'Pago');\n  _MovimentacoesPage.default.validarMensagemSucesso('Movimentação adicionada com sucesso!');\n  _MovimentacoesPage.default.criarMovimentacao('Despesa', 'Aluguel', '800', nomeMovimentacao, 'Proprietário', '15/03/2025', '15/03/2025', 'Pendente');\n  _MovimentacoesPage.default.validarMensagemSucesso('Movimentação adicionada com sucesso!');\n});",
              "err": {
                "message": "Error: Conta \"Conta Movimentações 1\" não encontrada no select. Opções disponíveis: Conta Teste 1, Editado 335%, Conta Teste 2, Conta Teste 4, Conta Teste 6, Conta Teste 7, Editado 251@, Conta Teste 11, Editado 866@, Conta Teste 662, Conta Teste 9, Conta Teste 12, Conta Teste 14, Conta Teste 15, Conta Movimentações 16, Conta Teste 315, Conta Teste 781, Editado 467@, Conta Movimentações 221, Conta Teste 782, Conta Teste 784, Conta Teste 785, Editado 809$, Conta Teste 335, Conta Teste 291, Editado 784#, Conta Teste 292, Conta Teste 294, Conta Teste 295, Conta Movimentações 241, Conta Movimentações 701, Conta Movimentações 705, Conta Movimentações 601, Conta Movimentações 611",
                "estack": "Error: Conta \"Conta Movimentações 1\" não encontrada no select. Opções disponíveis: Conta Teste 1, Editado 335%, Conta Teste 2, Conta Teste 4, Conta Teste 6, Conta Teste 7, Editado 251@, Conta Teste 11, Editado 866@, Conta Teste 662, Conta Teste 9, Conta Teste 12, Conta Teste 14, Conta Teste 15, Conta Movimentações 16, Conta Teste 315, Conta Teste 781, Editado 467@, Conta Movimentações 221, Conta Teste 782, Conta Teste 784, Conta Teste 785, Editado 809$, Conta Teste 335, Conta Teste 291, Editado 784#, Conta Teste 292, Conta Teste 294, Conta Teste 295, Conta Movimentações 241, Conta Movimentações 701, Conta Movimentações 705, Conta Movimentações 601, Conta Movimentações 611\n    at Context.eval (webpack://code/./cypress/e2e/pages/MovimentacoesPage.js:20:22)\n    at getRet (https://seubarriga.wcaquino.me/__cypress/runner/cypress_runner.js:118349:20)\n    at tryCatcher (https://seubarriga.wcaquino.me/__cypress/runner/cypress_runner.js:1777:23)\n    at Promise.attempt.Promise.try (https://seubarriga.wcaquino.me/__cypress/runner/cypress_runner.js:4285:29)\n    at Context.thenFn (https://seubarriga.wcaquino.me/__cypress/runner/cypress_runner.js:118360:66)\n    at Context.then (https://seubarriga.wcaquino.me/__cypress/runner/cypress_runner.js:118611:21)\n    at wrapped (https://seubarriga.wcaquino.me/__cypress/runner/cypress_runner.js:138862:19)\n    at <unknown> (https://seubarriga.wcaquino.me/__cypress/runner/cypress_runner.js:144789:15)\n    at tryCatcher (https://seubarriga.wcaquino.me/__cypress/runner/cypress_runner.js:1777:23)",
                "diff": null
              },
              "uuid": "1725ef27-45e1-49c4-94d3-2f45f9e58a2b",
              "parentUUID": "16ca198f-83f4-48c6-a89f-f001672251f3",
              "isHook": false,
              "skipped": false
            },
            {
              "title": "Deve criar no mínimo 2 movimentações para cada conta",
              "fullTitle": "Fluxo de Criar Movimentação Deve criar no mínimo 2 movimentações para cada conta",
              "timedOut": null,
              "duration": 4715,
              "state": "failed",
              "speed": null,
              "pass": false,
              "fail": true,
              "pending": false,
              "context": null,
              "code": "_ContasPage.default.visit();\n(0, _incrementarNomeDaConta.gerarNomeUnicoConta)(nomeBase).then(nomeConta1 => {\n  (0, _incrementarNomeDaConta.gerarNomeUnicoConta)(nomeBase).then(nomeConta2 => {\n    _ContasPage.default.adicionarConta(nomeConta1);\n    _ContasPage.default.validarMensagemSucesso('Conta adicionada com sucesso!');\n    _ContasPage.default.adicionarConta(nomeConta2);\n    _ContasPage.default.validarMensagemSucesso('Conta adicionada com sucesso!');\n  });\n});\n_MovimentacoesPage.default.visit();\n(0, _incrementarNomeDaConta.gerarNomeUnicoMovimentacao)(nomeBase).then(nomeMovimentacao1 => {\n  (0, _incrementarNomeDaConta.gerarNomeUnicoMovimentacao)(nomeBase).then(nomeMovimentacao2 => {\n    _MovimentacoesPage.default.criarMovimentacao('Receita', 'Salário', '1000', nomeMovimentacao1, 'Empresa XYZ', '15/03/2025', '15/03/2025', 'Pago');\n    _MovimentacoesPage.default.validarMensagemSucesso('Movimentação adicionada com sucesso!');\n    _MovimentacoesPage.default.criarMovimentacao('Despesa', 'Aluguel', '800', nomeMovimentacao2, 'Proprietário', '10/03/2025', '10/03/2025', 'Pendente');\n    _MovimentacoesPage.default.validarMensagemSucesso('Movimentação adicionada com sucesso!');\n  });\n});",
              "err": {
                "message": "Error: Conta \"Conta Movimentações 2\" não encontrada no select. Opções disponíveis: Conta Teste 1, Editado 335%, Conta Teste 2, Conta Teste 4, Conta Teste 6, Conta Teste 7, Editado 251@, Conta Teste 11, Editado 866@, Conta Teste 662, Conta Teste 9, Conta Teste 12, Conta Teste 14, Conta Teste 15, Conta Movimentações 17, Conta Movimentações 16, Conta Movimentações 18, Conta Teste 315, Conta Teste 781, Editado 467@, Conta Movimentações 221, Conta Teste 782, Conta Teste 784, Conta Teste 785, Editado 809$, Conta Teste 335, Conta Teste 291, Editado 784#, Conta Teste 292, Conta Teste 294, Conta Teste 295, Conta Movimentações 241, Conta Movimentações 701, Conta Movimentações 705, Conta Movimentações 601, Conta Movimentações 611",
                "estack": "Error: Conta \"Conta Movimentações 2\" não encontrada no select. Opções disponíveis: Conta Teste 1, Editado 335%, Conta Teste 2, Conta Teste 4, Conta Teste 6, Conta Teste 7, Editado 251@, Conta Teste 11, Editado 866@, Conta Teste 662, Conta Teste 9, Conta Teste 12, Conta Teste 14, Conta Teste 15, Conta Movimentações 17, Conta Movimentações 16, Conta Movimentações 18, Conta Teste 315, Conta Teste 781, Editado 467@, Conta Movimentações 221, Conta Teste 782, Conta Teste 784, Conta Teste 785, Editado 809$, Conta Teste 335, Conta Teste 291, Editado 784#, Conta Teste 292, Conta Teste 294, Conta Teste 295, Conta Movimentações 241, Conta Movimentações 701, Conta Movimentações 705, Conta Movimentações 601, Conta Movimentações 611\n    at Context.eval (webpack://code/./cypress/e2e/pages/MovimentacoesPage.js:20:22)\n    at getRet (https://seubarriga.wcaquino.me/__cypress/runner/cypress_runner.js:118349:20)\n    at tryCatcher (https://seubarriga.wcaquino.me/__cypress/runner/cypress_runner.js:1777:23)\n    at Promise.attempt.Promise.try (https://seubarriga.wcaquino.me/__cypress/runner/cypress_runner.js:4285:29)\n    at Context.thenFn (https://seubarriga.wcaquino.me/__cypress/runner/cypress_runner.js:118360:66)\n    at Context.then (https://seubarriga.wcaquino.me/__cypress/runner/cypress_runner.js:118611:21)\n    at wrapped (https://seubarriga.wcaquino.me/__cypress/runner/cypress_runner.js:138862:19)\n    at <unknown> (https://seubarriga.wcaquino.me/__cypress/runner/cypress_runner.js:144789:15)\n    at tryCatcher (https://seubarriga.wcaquino.me/__cypress/runner/cypress_runner.js:1777:23)",
                "diff": null
              },
              "uuid": "8724a403-7905-441e-9bed-0822224b9721",
              "parentUUID": "16ca198f-83f4-48c6-a89f-f001672251f3",
              "isHook": false,
              "skipped": false
            },
            {
              "title": "Deve criar no mínimo 2 movimentações para cada situação",
              "fullTitle": "Fluxo de Criar Movimentação Deve criar no mínimo 2 movimentações para cada situação",
              "timedOut": null,
              "duration": 2747,
              "state": "failed",
              "speed": null,
              "pass": false,
              "fail": true,
              "pending": false,
              "context": null,
              "code": "_MovimentacoesPage.default.visit();\n(0, _incrementarNomeDaConta.gerarNomeUnicoMovimentacao)(nomeBase).then(nomeMovimentacao => {\n  _MovimentacoesPage.default.criarMovimentacao('Receita', 'Salário', '1000', nomeMovimentacao, 'Empresa XYZ', '15/03/2025', '15/03/2025', 'Pago');\n  _MovimentacoesPage.default.validarMensagemSucesso('Movimentação adicionada com sucesso!');\n  _MovimentacoesPage.default.criarMovimentacao('Despesa', 'Aluguel', '800', nomeMovimentacao, 'Proprietário', '10/03/2025', '10/03/2025', 'Pendente');\n  _MovimentacoesPage.default.validarMensagemSucesso('Movimentação adicionada com sucesso!');\n});",
              "err": {
                "message": "Error: Conta \"Conta Movimentações 4\" não encontrada no select. Opções disponíveis: Conta Teste 1, Editado 335%, Conta Teste 2, Conta Teste 4, Conta Teste 6, Conta Teste 7, Editado 251@, Conta Teste 11, Editado 866@, Conta Teste 662, Conta Teste 9, Conta Teste 12, Conta Teste 14, Conta Teste 15, Conta Movimentações 17, Conta Movimentações 16, Conta Movimentações 18, Conta Teste 315, Conta Teste 781, Editado 467@, Conta Movimentações 221, Conta Teste 782, Conta Teste 784, Conta Teste 785, Editado 809$, Conta Teste 335, Conta Teste 291, Editado 784#, Conta Teste 292, Conta Teste 294, Conta Teste 295, Conta Movimentações 241, Conta Movimentações 701, Conta Movimentações 705, Conta Movimentações 601, Conta Movimentações 611",
                "estack": "Error: Conta \"Conta Movimentações 4\" não encontrada no select. Opções disponíveis: Conta Teste 1, Editado 335%, Conta Teste 2, Conta Teste 4, Conta Teste 6, Conta Teste 7, Editado 251@, Conta Teste 11, Editado 866@, Conta Teste 662, Conta Teste 9, Conta Teste 12, Conta Teste 14, Conta Teste 15, Conta Movimentações 17, Conta Movimentações 16, Conta Movimentações 18, Conta Teste 315, Conta Teste 781, Editado 467@, Conta Movimentações 221, Conta Teste 782, Conta Teste 784, Conta Teste 785, Editado 809$, Conta Teste 335, Conta Teste 291, Editado 784#, Conta Teste 292, Conta Teste 294, Conta Teste 295, Conta Movimentações 241, Conta Movimentações 701, Conta Movimentações 705, Conta Movimentações 601, Conta Movimentações 611\n    at Context.eval (webpack://code/./cypress/e2e/pages/MovimentacoesPage.js:20:22)\n    at getRet (https://seubarriga.wcaquino.me/__cypress/runner/cypress_runner.js:118349:20)\n    at tryCatcher (https://seubarriga.wcaquino.me/__cypress/runner/cypress_runner.js:1777:23)\n    at Promise.attempt.Promise.try (https://seubarriga.wcaquino.me/__cypress/runner/cypress_runner.js:4285:29)\n    at Context.thenFn (https://seubarriga.wcaquino.me/__cypress/runner/cypress_runner.js:118360:66)\n    at Context.then (https://seubarriga.wcaquino.me/__cypress/runner/cypress_runner.js:118611:21)\n    at wrapped (https://seubarriga.wcaquino.me/__cypress/runner/cypress_runner.js:138862:19)\n    at <unknown> (https://seubarriga.wcaquino.me/__cypress/runner/cypress_runner.js:144789:15)\n    at tryCatcher (https://seubarriga.wcaquino.me/__cypress/runner/cypress_runner.js:1777:23)",
                "diff": null
              },
              "uuid": "d18d7af4-0e1f-4881-a23d-a14f1bde3db1",
              "parentUUID": "16ca198f-83f4-48c6-a89f-f001672251f3",
              "isHook": false,
              "skipped": false
            },
            {
              "title": "Deve criar no mínimo 2 movimentações para meses diferentes",
              "fullTitle": "Fluxo de Criar Movimentação Deve criar no mínimo 2 movimentações para meses diferentes",
              "timedOut": null,
              "duration": 2753,
              "state": "failed",
              "speed": null,
              "pass": false,
              "fail": true,
              "pending": false,
              "context": null,
              "code": "_MovimentacoesPage.default.visit();\n(0, _incrementarNomeDaConta.gerarNomeUnicoMovimentacao)(nomeBase).then(nomeMovimentacao => {\n  _MovimentacoesPage.default.criarMovimentacao('Receita', 'Salário', '1000', nomeMovimentacao, 'Empresa XYZ', '15/03/2025', '15/03/2025', 'Pago');\n  _MovimentacoesPage.default.validarMensagemSucesso('Movimentação adicionada com sucesso!');\n  _MovimentacoesPage.default.criarMovimentacao('Despesa', 'Aluguel', '800', nomeMovimentacao, 'Proprietário', '15/02/2025', '15/02/2025', 'Pendente');\n  _MovimentacoesPage.default.validarMensagemSucesso('Movimentação adicionada com sucesso!');\n});",
              "err": {
                "message": "Error: Conta \"Conta Movimentações 5\" não encontrada no select. Opções disponíveis: Conta Teste 1, Editado 335%, Conta Teste 2, Conta Teste 4, Conta Teste 6, Conta Teste 7, Editado 251@, Conta Teste 11, Editado 866@, Conta Teste 662, Conta Teste 9, Conta Teste 12, Conta Teste 14, Conta Teste 15, Conta Movimentações 17, Conta Movimentações 16, Conta Movimentações 18, Conta Teste 315, Conta Teste 781, Editado 467@, Conta Movimentações 221, Conta Teste 782, Conta Teste 784, Conta Teste 785, Editado 809$, Conta Teste 335, Conta Teste 291, Editado 784#, Conta Teste 292, Conta Teste 294, Conta Teste 295, Conta Movimentações 241, Conta Movimentações 701, Conta Movimentações 705, Conta Movimentações 601, Conta Movimentações 611",
                "estack": "Error: Conta \"Conta Movimentações 5\" não encontrada no select. Opções disponíveis: Conta Teste 1, Editado 335%, Conta Teste 2, Conta Teste 4, Conta Teste 6, Conta Teste 7, Editado 251@, Conta Teste 11, Editado 866@, Conta Teste 662, Conta Teste 9, Conta Teste 12, Conta Teste 14, Conta Teste 15, Conta Movimentações 17, Conta Movimentações 16, Conta Movimentações 18, Conta Teste 315, Conta Teste 781, Editado 467@, Conta Movimentações 221, Conta Teste 782, Conta Teste 784, Conta Teste 785, Editado 809$, Conta Teste 335, Conta Teste 291, Editado 784#, Conta Teste 292, Conta Teste 294, Conta Teste 295, Conta Movimentações 241, Conta Movimentações 701, Conta Movimentações 705, Conta Movimentações 601, Conta Movimentações 611\n    at Context.eval (webpack://code/./cypress/e2e/pages/MovimentacoesPage.js:20:22)\n    at getRet (https://seubarriga.wcaquino.me/__cypress/runner/cypress_runner.js:118349:20)\n    at tryCatcher (https://seubarriga.wcaquino.me/__cypress/runner/cypress_runner.js:1777:23)\n    at Promise.attempt.Promise.try (https://seubarriga.wcaquino.me/__cypress/runner/cypress_runner.js:4285:29)\n    at Context.thenFn (https://seubarriga.wcaquino.me/__cypress/runner/cypress_runner.js:118360:66)\n    at Context.then (https://seubarriga.wcaquino.me/__cypress/runner/cypress_runner.js:118611:21)\n    at wrapped (https://seubarriga.wcaquino.me/__cypress/runner/cypress_runner.js:138862:19)\n    at <unknown> (https://seubarriga.wcaquino.me/__cypress/runner/cypress_runner.js:144789:15)\n    at tryCatcher (https://seubarriga.wcaquino.me/__cypress/runner/cypress_runner.js:1777:23)",
                "diff": null
              },
              "uuid": "13f64aca-2d60-4edd-9a49-ba0c29a43a07",
              "parentUUID": "16ca198f-83f4-48c6-a89f-f001672251f3",
              "isHook": false,
              "skipped": false
            },
            {
              "title": "Deve validar os campos de data",
              "fullTitle": "Fluxo de Criar Movimentação Deve validar os campos de data",
              "timedOut": null,
              "duration": 2087,
              "state": "passed",
              "speed": "fast",
              "pass": true,
              "fail": false,
              "pending": false,
              "context": null,
              "code": "_MovimentacoesPage.default.visit();\ncy.get('#data_transacao').type('data inválida');\ncy.get('#data_pagamento').type('data inválida');\ncy.get('.btn').contains('Salvar').click();\ncy.contains('Data da Movimentação inválida (DD/MM/YYYY)').should('be.visible');\ncy.contains('Data da Movimentação deve ser menor ou igual à data atual').should('be.visible');\ncy.contains('Data do pagamento inválida (DD/MM/YYYY)').should('be.visible');",
              "err": {},
              "uuid": "036860fd-b8f8-4327-87aa-dc2383c08960",
              "parentUUID": "16ca198f-83f4-48c6-a89f-f001672251f3",
              "isHook": false,
              "skipped": false
            },
            {
              "title": "Deve validar o campo valor",
              "fullTitle": "Fluxo de Criar Movimentação Deve validar o campo valor",
              "timedOut": null,
              "duration": 1837,
              "state": "passed",
              "speed": "fast",
              "pass": true,
              "fail": false,
              "pending": false,
              "context": null,
              "code": "_MovimentacoesPage.default.visit();\ncy.get('#valor').type('valor inválido');\ncy.get('.btn').contains('Salvar').click();\n_MovimentacoesPage.default.validarCampoValorInvalido();",
              "err": {},
              "uuid": "79568b35-4a5f-4924-8d1b-a372316ff16f",
              "parentUUID": "16ca198f-83f4-48c6-a89f-f001672251f3",
              "isHook": false,
              "skipped": false
            }
          ],
          "suites": [],
          "passes": [
            "036860fd-b8f8-4327-87aa-dc2383c08960",
            "79568b35-4a5f-4924-8d1b-a372316ff16f"
          ],
          "failures": [
            "1725ef27-45e1-49c4-94d3-2f45f9e58a2b",
            "8724a403-7905-441e-9bed-0822224b9721",
            "d18d7af4-0e1f-4881-a23d-a14f1bde3db1",
            "13f64aca-2d60-4edd-9a49-ba0c29a43a07"
          ],
          "pending": [],
          "skipped": [],
          "duration": 18257,
          "root": false,
          "rootEmpty": false,
          "_timeout": 2000
        }
      ],
      "passes": [],
      "failures": [],
      "pending": [],
      "skipped": [],
      "duration": 0,
      "root": true,
      "rootEmpty": true,
      "_timeout": 2000
    }
  ],
  "meta": {
    "mocha": {
      "version": "7.0.1"
    },
    "mochawesome": {
      "options": {
        "quiet": false,
        "reportFilename": "mochawesome",
        "saveHtml": true,
        "saveJson": true,
        "consoleReporter": "spec",
        "useInlineDiffs": false,
        "code": true
      },
      "version": "7.1.3"
    },
    "marge": {
      "options": {
        "reportDir": "cypress/reports",
        "overwrite": false,
        "html": true,
        "json": true,
        "embeddedScreenshots": true,
        "inlineAssets": true
      },
      "version": "6.2.0"
    }
  }
}